2025-08-18 13:52:30,088 - code_cleaner - [32mINFO[0m - logger.py:171 - å¼€å§‹æ‰§è¡Œ: æ‰«æé¡¹ç›®
2025-08-18 13:52:30,090 - code_cleaner - [32mINFO[0m - project_scanner.py:58 - æ‰«æé¡¹ç›®æ¨¡å—...
2025-08-18 13:52:30,100 - code_cleaner - [32mINFO[0m - project_scanner.py:134 - å‘ç° 6 ä¸ªæ¨¡å—
2025-08-18 13:52:30,100 - code_cleaner - [32mINFO[0m - project_scanner.py:62 - åˆ†æé¡¹ç›®æ–‡ä»¶...
2025-08-18 13:52:30,100 - code_cleaner - [32mINFO[0m - logger.py:131 - æ–‡ä»¶åˆ†æ: [â–ˆâ–ˆâ–ˆâ–ˆâ–‘â–‘â–‘â–‘â–‘â–‘â–‘â–‘â–‘â–‘â–‘â–‘â–‘â–‘â–‘â–‘â–‘â–‘â–‘â–‘â–‘â–‘â–‘â–‘â–‘â–‘] 16% - åˆ†ææµ‹è¯•æ–‡ä»¶
2025-08-18 13:52:30,109 - code_cleaner - [32mINFO[0m - logger.py:171 - å¼€å§‹æ‰§è¡Œ: åˆ†ææµ‹è¯•æ–‡ä»¶
2025-08-18 13:52:30,665 - code_cleaner - [32mINFO[0m - logger.py:175 - å®Œæˆæ‰§è¡Œ: åˆ†ææµ‹è¯•æ–‡ä»¶
2025-08-18 13:52:30,665 - code_cleaner - [32mINFO[0m - logger.py:131 - æ–‡ä»¶åˆ†æ: [â–ˆâ–ˆâ–ˆâ–ˆâ–ˆâ–ˆâ–ˆâ–ˆâ–ˆâ–‘â–‘â–‘â–‘â–‘â–‘â–‘â–‘â–‘â–‘â–‘â–‘â–‘â–‘â–‘â–‘â–‘â–‘â–‘â–‘â–‘] 33% - åˆ†æè¿‡æœŸæ–‡ä»¶
2025-08-18 13:52:30,667 - code_cleaner - [32mINFO[0m - logger.py:171 - å¼€å§‹æ‰§è¡Œ: åˆ†æè¿‡æœŸæ–‡ä»¶
2025-08-18 13:52:31,225 - code_cleaner - [32mINFO[0m - logger.py:175 - å®Œæˆæ‰§è¡Œ: åˆ†æè¿‡æœŸæ–‡ä»¶
2025-08-18 13:52:31,226 - code_cleaner - [32mINFO[0m - logger.py:131 - æ–‡ä»¶åˆ†æ: [â–ˆâ–ˆâ–ˆâ–ˆâ–ˆâ–ˆâ–ˆâ–ˆâ–ˆâ–ˆâ–ˆâ–ˆâ–ˆâ–ˆâ–ˆâ–‘â–‘â–‘â–‘â–‘â–‘â–‘â–‘â–‘â–‘â–‘â–‘â–‘â–‘â–‘] 50% - åˆ†ææœªä½¿ç”¨èµ„æº
2025-08-18 13:52:31,227 - code_cleaner - [32mINFO[0m - logger.py:171 - å¼€å§‹æ‰§è¡Œ: åˆ†ææœªä½¿ç”¨èµ„æº
2025-08-18 13:52:31,231 - code_cleaner - [32mINFO[0m - logger.py:175 - å®Œæˆæ‰§è¡Œ: åˆ†ææœªä½¿ç”¨èµ„æº
2025-08-18 13:52:31,231 - code_cleaner - [32mINFO[0m - logger.py:131 - æ–‡ä»¶åˆ†æ: [â–ˆâ–ˆâ–ˆâ–ˆâ–ˆâ–ˆâ–ˆâ–ˆâ–ˆâ–ˆâ–ˆâ–ˆâ–ˆâ–ˆâ–ˆâ–ˆâ–ˆâ–ˆâ–ˆâ–‘â–‘â–‘â–‘â–‘â–‘â–‘â–‘â–‘â–‘â–‘] 66% - åˆ†ææµ‹è¯•ç›®å½•
2025-08-18 13:52:31,231 - code_cleaner - [32mINFO[0m - logger.py:171 - å¼€å§‹æ‰§è¡Œ: åˆ†ææµ‹è¯•ç›®å½•
2025-08-18 13:52:31,239 - code_cleaner - [32mINFO[0m - logger.py:175 - å®Œæˆæ‰§è¡Œ: åˆ†ææµ‹è¯•ç›®å½•
2025-08-18 13:52:31,239 - code_cleaner - [32mINFO[0m - logger.py:131 - æ–‡ä»¶åˆ†æ: [â–ˆâ–ˆâ–ˆâ–ˆâ–ˆâ–ˆâ–ˆâ–ˆâ–ˆâ–ˆâ–ˆâ–ˆâ–ˆâ–ˆâ–ˆâ–ˆâ–ˆâ–ˆâ–ˆâ–ˆâ–ˆâ–ˆâ–ˆâ–ˆâ–‘â–‘â–‘â–‘â–‘â–‘] 83% - åˆ†æç©ºç›®å½•
2025-08-18 13:52:31,240 - code_cleaner - [32mINFO[0m - logger.py:171 - å¼€å§‹æ‰§è¡Œ: åˆ†æç©ºç›®å½•
2025-08-18 13:52:31,582 - code_cleaner - [32mINFO[0m - logger.py:175 - å®Œæˆæ‰§è¡Œ: åˆ†æç©ºç›®å½•
2025-08-18 13:52:31,583 - code_cleaner - [32mINFO[0m - logger.py:158 - æ–‡ä»¶åˆ†æ: [â–ˆâ–ˆâ–ˆâ–ˆâ–ˆâ–ˆâ–ˆâ–ˆâ–ˆâ–ˆâ–ˆâ–ˆâ–ˆâ–ˆâ–ˆâ–ˆâ–ˆâ–ˆâ–ˆâ–ˆâ–ˆâ–ˆâ–ˆâ–ˆâ–ˆâ–ˆâ–ˆâ–ˆâ–ˆâ–ˆ] 100% - æ–‡ä»¶åˆ†æå®Œæˆ
2025-08-18 13:52:31,584 - code_cleaner - [32mINFO[0m - project_scanner.py:67 - åˆ†æé¡¹ç›®ä¾èµ–...
2025-08-18 13:52:31,585 - code_cleaner - [32mINFO[0m - logger.py:171 - å¼€å§‹æ‰§è¡Œ: åˆ†ææœªä½¿ç”¨ä¾èµ–
2025-08-18 13:52:31,608 - code_cleaner - [32mINFO[0m - logger.py:175 - å®Œæˆæ‰§è¡Œ: åˆ†ææœªä½¿ç”¨ä¾èµ–
2025-08-18 13:52:31,608 - code_cleaner - [32mINFO[0m - project_scanner.py:73 - æ‰§è¡Œé£é™©è¯„ä¼°...
2025-08-18 13:52:31,609 - code_cleaner - [32mINFO[0m - project_scanner.py:82 - é¡¹ç›®æ‰«æå®Œæˆï¼Œè€—æ—¶ 1.52 ç§’
2025-08-18 13:52:31,609 - code_cleaner - [32mINFO[0m - project_scanner.py:262 - ==================================================
2025-08-18 13:52:31,611 - code_cleaner - [32mINFO[0m - project_scanner.py:263 - é¡¹ç›®æ‰«ææ‘˜è¦:
2025-08-18 13:52:31,611 - code_cleaner - [32mINFO[0m - project_scanner.py:264 -   æ¨¡å—æ•°é‡: 6
2025-08-18 13:52:31,612 - code_cleaner - [32mINFO[0m - project_scanner.py:265 -   æµ‹è¯•æ–‡ä»¶: 17 ä¸ª
2025-08-18 13:52:31,612 - code_cleaner - [32mINFO[0m - project_scanner.py:266 -   è¿‡æœŸæ–‡ä»¶: 0 ä¸ª
2025-08-18 13:52:31,613 - code_cleaner - [32mINFO[0m - project_scanner.py:267 -   å¤‡ä»½æ–‡ä»¶: 0 ä¸ª
2025-08-18 13:52:31,613 - code_cleaner - [32mINFO[0m - project_scanner.py:268 -   ä¸´æ—¶æ–‡ä»¶: 0 ä¸ª
2025-08-18 13:52:31,614 - code_cleaner - [32mINFO[0m - project_scanner.py:269 -   æ—¥å¿—æ–‡ä»¶: 9 ä¸ª
2025-08-18 13:52:31,615 - code_cleaner - [32mINFO[0m - project_scanner.py:270 -   æœªä½¿ç”¨èµ„æº: 0 ä¸ª
2025-08-18 13:52:31,615 - code_cleaner - [32mINFO[0m - project_scanner.py:271 -   æµ‹è¯•ç›®å½•: 0 ä¸ª
2025-08-18 13:52:31,615 - code_cleaner - [32mINFO[0m - project_scanner.py:272 -   ç©ºç›®å½•: 196 ä¸ª
2025-08-18 13:52:31,615 - code_cleaner - [32mINFO[0m - project_scanner.py:273 -   æœªä½¿ç”¨ä¾èµ–: 17 ä¸ª
2025-08-18 13:52:31,616 - code_cleaner - [32mINFO[0m - project_scanner.py:277 -   å¯é‡Šæ”¾ç©ºé—´: 0.23 MB
2025-08-18 13:52:31,616 - code_cleaner - [33mWARNING[0m - project_scanner.py:280 -   è­¦å‘Šæ•°é‡: 1
2025-08-18 13:52:31,616 - code_cleaner - [33mWARNING[0m - project_scanner.py:282 -     - å‘ç° 17 ä¸ªé«˜é£é™©æ–‡ä»¶
2025-08-18 13:52:31,617 - code_cleaner - [32mINFO[0m - project_scanner.py:284 - ==================================================
2025-08-18 13:52:31,617 - code_cleaner - [32mINFO[0m - logger.py:175 - å®Œæˆæ‰§è¡Œ: æ‰«æé¡¹ç›®
2025-08-18 13:52:34,472 - code_cleaner - [32mINFO[0m - logger.py:171 - å¼€å§‹æ‰§è¡Œ: æ‰§è¡Œæ¸…ç†æ“ä½œ
2025-08-18 13:52:34,472 - code_cleaner - [33mWARNING[0m - cleaner_engine.py:144 - å‘ç° 17 ä¸ªé«˜é£é™©æ–‡ä»¶
2025-08-18 13:52:34,473 - code_cleaner - [33mWARNING[0m - cleaner_engine.py:146 -   é«˜é£é™©æ–‡ä»¶: C:\000\Comic\Easy-Comic\.cleanup_backup\backup_20250818_135204\app\src\androidTest\java\com\easycomic\AppNavigationTest.kt
2025-08-18 13:52:34,474 - code_cleaner - [33mWARNING[0m - cleaner_engine.py:146 -   é«˜é£é™©æ–‡ä»¶: C:\000\Comic\Easy-Comic\.cleanup_backup\backup_20250818_135204\app\src\androidTest\java\com\easycomic\ExampleInstrumentedTest.kt
2025-08-18 13:52:34,475 - code_cleaner - [33mWARNING[0m - cleaner_engine.py:146 -   é«˜é£é™©æ–‡ä»¶: C:\000\Comic\Easy-Comic\.cleanup_backup\backup_20250818_135204\app\src\androidTest\java\com\easycomic\di\TestAppModule.kt
2025-08-18 13:52:34,475 - code_cleaner - [33mWARNING[0m - cleaner_engine.py:146 -   é«˜é£é™©æ–‡ä»¶: C:\000\Comic\Easy-Comic\.cleanup_backup\backup_20250818_135204\app\src\test\java\com\easycomic\ExampleUnitTest.kt
2025-08-18 13:52:34,475 - code_cleaner - [33mWARNING[0m - cleaner_engine.py:146 -   é«˜é£é™©æ–‡ä»¶: C:\000\Comic\Easy-Comic\.cleanup_backup\backup_20250818_135204\app\src\test\java\com\easycomic\data\dao\MangaDaoTest.kt
2025-08-18 13:52:34,476 - code_cleaner - [33mWARNING[0m - cleaner_engine.py:146 -   é«˜é£é™©æ–‡ä»¶: C:\000\Comic\Easy-Comic\.cleanup_backup\backup_20250818_135204\app\src\test\java\com\easycomic\data\repository\MangaRepositoryImplTest.kt
2025-08-18 13:52:34,476 - code_cleaner - [33mWARNING[0m - cleaner_engine.py:146 -   é«˜é£é™©æ–‡ä»¶: C:\000\Comic\Easy-Comic\.cleanup_backup\backup_20250818_135204\app\src\test\java\com\easycomic\data\repository\WebDavRepositoryTest.kt
2025-08-18 13:52:34,476 - code_cleaner - [33mWARNING[0m - cleaner_engine.py:146 -   é«˜é£é™©æ–‡ä»¶: C:\000\Comic\Easy-Comic\.cleanup_backup\backup_20250818_135204\app\src\test\java\com\easycomic\di\DependencyContainerTest.kt
2025-08-18 13:52:34,477 - code_cleaner - [33mWARNING[0m - cleaner_engine.py:146 -   é«˜é£é™©æ–‡ä»¶: C:\000\Comic\Easy-Comic\.cleanup_backup\backup_20250818_135204\app\src\test\java\com\easycomic\di\KoinModulesTest.kt
2025-08-18 13:52:34,477 - code_cleaner - [33mWARNING[0m - cleaner_engine.py:146 -   é«˜é£é™©æ–‡ä»¶: C:\000\Comic\Easy-Comic\.cleanup_backup\backup_20250818_135204\app\src\test\java\com\easycomic\domain\service\BookshelfServiceKoinTest.kt
2025-08-18 13:52:34,477 - code_cleaner - [33mWARNING[0m - cleaner_engine.py:146 -   é«˜é£é™©æ–‡ä»¶: C:\000\Comic\Easy-Comic\.cleanup_backup\backup_20250818_135204\app\src\test\java\com\easycomic\domain\usecase\manga\ImportComicUseCaseTest.kt
2025-08-18 13:52:34,477 - code_cleaner - [33mWARNING[0m - cleaner_engine.py:146 -   é«˜é£é™©æ–‡ä»¶: C:\000\Comic\Easy-Comic\.cleanup_backup\backup_20250818_135204\app\src\test\java\com\easycomic\domain\usecase\manga\MangaUseCasesKoinTest.kt
2025-08-18 13:52:34,478 - code_cleaner - [33mWARNING[0m - cleaner_engine.py:146 -   é«˜é£é™©æ–‡ä»¶: C:\000\Comic\Easy-Comic\.cleanup_backup\backup_20250818_135204\app\src\test\java\com\easycomic\domain\usecase\manga\MangaUseCasesTest.kt
2025-08-18 13:52:34,478 - code_cleaner - [33mWARNING[0m - cleaner_engine.py:146 -   é«˜é£é™©æ–‡ä»¶: C:\000\Comic\Easy-Comic\.cleanup_backup\backup_20250818_135204\app\src\test\java\com\easycomic\ui\bookshelf\BookshelfViewModelKoinTest.kt
2025-08-18 13:52:34,478 - code_cleaner - [33mWARNING[0m - cleaner_engine.py:146 -   é«˜é£é™©æ–‡ä»¶: C:\000\Comic\Easy-Comic\.cleanup_backup\backup_20250818_135204\app\src\test\java\com\easycomic\ui\bookshelf\BookshelfViewModelTest.kt
2025-08-18 13:52:34,479 - code_cleaner - [33mWARNING[0m - cleaner_engine.py:146 -   é«˜é£é™©æ–‡ä»¶: C:\000\Comic\Easy-Comic\.cleanup_backup\backup_20250818_135204\app\src\test\java\com\easycomic\ui\reader\ReaderViewModelKoinTest.kt
2025-08-18 13:52:34,480 - code_cleaner - [33mWARNING[0m - cleaner_engine.py:146 -   é«˜é£é™©æ–‡ä»¶: C:\000\Comic\Easy-Comic\.cleanup_backup\backup_20250818_135204\data\src\test\java\com\easycomic\data\repository\MangaRepositoryImplTest.kt
2025-08-18 13:52:34,481 - code_cleaner - [32mINFO[0m - cleaner_engine.py:181 - åˆ›å»ºå¤‡ä»½åˆ°: C:\000\Comic\Easy-Comic\.cleanup_backup\backup_20250818_135234
2025-08-18 13:52:34,483 - code_cleaner - [32mINFO[0m - logger.py:131 - å¤‡ä»½æ–‡ä»¶: [â–‘â–‘â–‘â–‘â–‘â–‘â–‘â–‘â–‘â–‘â–‘â–‘â–‘â–‘â–‘â–‘â–‘â–‘â–‘â–‘â–‘â–‘â–‘â–‘â–‘â–‘â–‘â–‘â–‘â–‘] 3% - å¤‡ä»½: AppNavigationTest.kt
2025-08-18 13:52:34,483 - code_cleaner - [32mINFO[0m - logger.py:131 - å¤‡ä»½æ–‡ä»¶: [â–ˆâ–ˆâ–‘â–‘â–‘â–‘â–‘â–‘â–‘â–‘â–‘â–‘â–‘â–‘â–‘â–‘â–‘â–‘â–‘â–‘â–‘â–‘â–‘â–‘â–‘â–‘â–‘â–‘â–‘â–‘] 7% - å¤‡ä»½: ExampleInstrumentedTest.kt
2025-08-18 13:52:34,484 - code_cleaner - [32mINFO[0m - logger.py:131 - å¤‡ä»½æ–‡ä»¶: [â–ˆâ–ˆâ–ˆâ–‘â–‘â–‘â–‘â–‘â–‘â–‘â–‘â–‘â–‘â–‘â–‘â–‘â–‘â–‘â–‘â–‘â–‘â–‘â–‘â–‘â–‘â–‘â–‘â–‘â–‘â–‘] 11% - å¤‡ä»½: TestAppModule.kt
2025-08-18 13:52:34,485 - code_cleaner - [32mINFO[0m - logger.py:131 - å¤‡ä»½æ–‡ä»¶: [â–ˆâ–ˆâ–ˆâ–ˆâ–‘â–‘â–‘â–‘â–‘â–‘â–‘â–‘â–‘â–‘â–‘â–‘â–‘â–‘â–‘â–‘â–‘â–‘â–‘â–‘â–‘â–‘â–‘â–‘â–‘â–‘] 15% - å¤‡ä»½: ExampleUnitTest.kt
2025-08-18 13:52:34,486 - code_cleaner - [32mINFO[0m - logger.py:131 - å¤‡ä»½æ–‡ä»¶: [â–ˆâ–ˆâ–ˆâ–ˆâ–ˆâ–‘â–‘â–‘â–‘â–‘â–‘â–‘â–‘â–‘â–‘â–‘â–‘â–‘â–‘â–‘â–‘â–‘â–‘â–‘â–‘â–‘â–‘â–‘â–‘â–‘] 19% - å¤‡ä»½: MangaDaoTest.kt
2025-08-18 13:52:34,487 - code_cleaner - [32mINFO[0m - logger.py:131 - å¤‡ä»½æ–‡ä»¶: [â–ˆâ–ˆâ–ˆâ–ˆâ–ˆâ–ˆâ–‘â–‘â–‘â–‘â–‘â–‘â–‘â–‘â–‘â–‘â–‘â–‘â–‘â–‘â–‘â–‘â–‘â–‘â–‘â–‘â–‘â–‘â–‘â–‘] 23% - å¤‡ä»½: MangaRepositoryImplTest.kt
2025-08-18 13:52:34,487 - code_cleaner - [32mINFO[0m - logger.py:131 - å¤‡ä»½æ–‡ä»¶: [â–ˆâ–ˆâ–ˆâ–ˆâ–ˆâ–ˆâ–ˆâ–‘â–‘â–‘â–‘â–‘â–‘â–‘â–‘â–‘â–‘â–‘â–‘â–‘â–‘â–‘â–‘â–‘â–‘â–‘â–‘â–‘â–‘â–‘] 26% - å¤‡ä»½: WebDavRepositoryTest.kt
2025-08-18 13:52:34,488 - code_cleaner - [32mINFO[0m - logger.py:131 - å¤‡ä»½æ–‡ä»¶: [â–ˆâ–ˆâ–ˆâ–ˆâ–ˆâ–ˆâ–ˆâ–ˆâ–ˆâ–‘â–‘â–‘â–‘â–‘â–‘â–‘â–‘â–‘â–‘â–‘â–‘â–‘â–‘â–‘â–‘â–‘â–‘â–‘â–‘â–‘] 30% - å¤‡ä»½: DependencyContainerTest.kt
2025-08-18 13:52:34,488 - code_cleaner - [32mINFO[0m - logger.py:131 - å¤‡ä»½æ–‡ä»¶: [â–ˆâ–ˆâ–ˆâ–ˆâ–ˆâ–ˆâ–ˆâ–ˆâ–ˆâ–ˆâ–‘â–‘â–‘â–‘â–‘â–‘â–‘â–‘â–‘â–‘â–‘â–‘â–‘â–‘â–‘â–‘â–‘â–‘â–‘â–‘] 34% - å¤‡ä»½: KoinModulesTest.kt
2025-08-18 13:52:34,489 - code_cleaner - [32mINFO[0m - logger.py:131 - å¤‡ä»½æ–‡ä»¶: [â–ˆâ–ˆâ–ˆâ–ˆâ–ˆâ–ˆâ–ˆâ–ˆâ–ˆâ–ˆâ–ˆâ–‘â–‘â–‘â–‘â–‘â–‘â–‘â–‘â–‘â–‘â–‘â–‘â–‘â–‘â–‘â–‘â–‘â–‘â–‘] 38% - å¤‡ä»½: BookshelfServiceKoinTest.kt
2025-08-18 13:52:34,489 - code_cleaner - [32mINFO[0m - logger.py:131 - å¤‡ä»½æ–‡ä»¶: [â–ˆâ–ˆâ–ˆâ–ˆâ–ˆâ–ˆâ–ˆâ–ˆâ–ˆâ–ˆâ–ˆâ–ˆâ–‘â–‘â–‘â–‘â–‘â–‘â–‘â–‘â–‘â–‘â–‘â–‘â–‘â–‘â–‘â–‘â–‘â–‘] 42% - å¤‡ä»½: ImportComicUseCaseTest.kt
2025-08-18 13:52:34,490 - code_cleaner - [32mINFO[0m - logger.py:131 - å¤‡ä»½æ–‡ä»¶: [â–ˆâ–ˆâ–ˆâ–ˆâ–ˆâ–ˆâ–ˆâ–ˆâ–ˆâ–ˆâ–ˆâ–ˆâ–ˆâ–‘â–‘â–‘â–‘â–‘â–‘â–‘â–‘â–‘â–‘â–‘â–‘â–‘â–‘â–‘â–‘â–‘] 46% - å¤‡ä»½: MangaUseCasesKoinTest.kt
2025-08-18 13:52:34,499 - code_cleaner - [32mINFO[0m - logger.py:131 - å¤‡ä»½æ–‡ä»¶: [â–ˆâ–ˆâ–ˆâ–ˆâ–ˆâ–ˆâ–ˆâ–ˆâ–ˆâ–ˆâ–ˆâ–ˆâ–ˆâ–ˆâ–ˆâ–‘â–‘â–‘â–‘â–‘â–‘â–‘â–‘â–‘â–‘â–‘â–‘â–‘â–‘â–‘] 50% - å¤‡ä»½: MangaUseCasesTest.kt
2025-08-18 13:52:34,500 - code_cleaner - [32mINFO[0m - logger.py:131 - å¤‡ä»½æ–‡ä»¶: [â–ˆâ–ˆâ–ˆâ–ˆâ–ˆâ–ˆâ–ˆâ–ˆâ–ˆâ–ˆâ–ˆâ–ˆâ–ˆâ–ˆâ–ˆâ–‘â–‘â–‘â–‘â–‘â–‘â–‘â–‘â–‘â–‘â–‘â–‘â–‘â–‘â–‘] 53% - å¤‡ä»½: BookshelfViewModelKoinTest.kt
2025-08-18 13:52:34,501 - code_cleaner - [32mINFO[0m - logger.py:131 - å¤‡ä»½æ–‡ä»¶: [â–ˆâ–ˆâ–ˆâ–ˆâ–ˆâ–ˆâ–ˆâ–ˆâ–ˆâ–ˆâ–ˆâ–ˆâ–ˆâ–ˆâ–ˆâ–ˆâ–ˆâ–‘â–‘â–‘â–‘â–‘â–‘â–‘â–‘â–‘â–‘â–‘â–‘â–‘] 57% - å¤‡ä»½: BookshelfViewModelTest.kt
2025-08-18 13:52:34,501 - code_cleaner - [32mINFO[0m - logger.py:131 - å¤‡ä»½æ–‡ä»¶: [â–ˆâ–ˆâ–ˆâ–ˆâ–ˆâ–ˆâ–ˆâ–ˆâ–ˆâ–ˆâ–ˆâ–ˆâ–ˆâ–ˆâ–ˆâ–ˆâ–ˆâ–ˆâ–‘â–‘â–‘â–‘â–‘â–‘â–‘â–‘â–‘â–‘â–‘â–‘] 61% - å¤‡ä»½: ReaderViewModelKoinTest.kt
2025-08-18 13:52:34,503 - code_cleaner - [32mINFO[0m - logger.py:131 - å¤‡ä»½æ–‡ä»¶: [â–ˆâ–ˆâ–ˆâ–ˆâ–ˆâ–ˆâ–ˆâ–ˆâ–ˆâ–ˆâ–ˆâ–ˆâ–ˆâ–ˆâ–ˆâ–ˆâ–ˆâ–ˆâ–ˆâ–‘â–‘â–‘â–‘â–‘â–‘â–‘â–‘â–‘â–‘â–‘] 65% - å¤‡ä»½: MangaRepositoryImplTest.kt
2025-08-18 13:52:34,503 - code_cleaner - [32mINFO[0m - logger.py:131 - å¤‡ä»½æ–‡ä»¶: [â–ˆâ–ˆâ–ˆâ–ˆâ–ˆâ–ˆâ–ˆâ–ˆâ–ˆâ–ˆâ–ˆâ–ˆâ–ˆâ–ˆâ–ˆâ–ˆâ–ˆâ–ˆâ–ˆâ–ˆâ–‘â–‘â–‘â–‘â–‘â–‘â–‘â–‘â–‘â–‘] 69% - å¤‡ä»½: errors-1755408547088.log
2025-08-18 13:52:34,505 - code_cleaner - [32mINFO[0m - logger.py:131 - å¤‡ä»½æ–‡ä»¶: [â–ˆâ–ˆâ–ˆâ–ˆâ–ˆâ–ˆâ–ˆâ–ˆâ–ˆâ–ˆâ–ˆâ–ˆâ–ˆâ–ˆâ–ˆâ–ˆâ–ˆâ–ˆâ–ˆâ–ˆâ–ˆâ–‘â–‘â–‘â–‘â–‘â–‘â–‘â–‘â–‘] 73% - å¤‡ä»½: utp.0.log
2025-08-18 13:52:34,506 - code_cleaner - [32mINFO[0m - logger.py:131 - å¤‡ä»½æ–‡ä»¶: [â–ˆâ–ˆâ–ˆâ–ˆâ–ˆâ–ˆâ–ˆâ–ˆâ–ˆâ–ˆâ–ˆâ–ˆâ–ˆâ–ˆâ–ˆâ–ˆâ–ˆâ–ˆâ–ˆâ–ˆâ–ˆâ–ˆâ–‘â–‘â–‘â–‘â–‘â–‘â–‘â–‘] 76% - å¤‡ä»½: test-results.log
2025-08-18 13:52:34,507 - code_cleaner - [32mINFO[0m - logger.py:131 - å¤‡ä»½æ–‡ä»¶: [â–ˆâ–ˆâ–ˆâ–ˆâ–ˆâ–ˆâ–ˆâ–ˆâ–ˆâ–ˆâ–ˆâ–ˆâ–ˆâ–ˆâ–ˆâ–ˆâ–ˆâ–ˆâ–ˆâ–ˆâ–ˆâ–ˆâ–ˆâ–ˆâ–‘â–‘â–‘â–‘â–‘â–‘] 80% - å¤‡ä»½: cleanup_20250818_134843.log
2025-08-18 13:52:34,507 - code_cleaner - [32mINFO[0m - logger.py:131 - å¤‡ä»½æ–‡ä»¶: [â–ˆâ–ˆâ–ˆâ–ˆâ–ˆâ–ˆâ–ˆâ–ˆâ–ˆâ–ˆâ–ˆâ–ˆâ–ˆâ–ˆâ–ˆâ–ˆâ–ˆâ–ˆâ–ˆâ–ˆâ–ˆâ–ˆâ–ˆâ–ˆâ–ˆâ–‘â–‘â–‘â–‘â–‘] 84% - å¤‡ä»½: cleanup_20250818_134843.log
2025-08-18 13:52:34,508 - code_cleaner - [32mINFO[0m - logger.py:131 - å¤‡ä»½æ–‡ä»¶: [â–ˆâ–ˆâ–ˆâ–ˆâ–ˆâ–ˆâ–ˆâ–ˆâ–ˆâ–ˆâ–ˆâ–ˆâ–ˆâ–ˆâ–ˆâ–ˆâ–ˆâ–ˆâ–ˆâ–ˆâ–ˆâ–ˆâ–ˆâ–ˆâ–ˆâ–ˆâ–‘â–‘â–‘â–‘] 88% - å¤‡ä»½: cleanup_20250818_135130.log
2025-08-18 13:52:34,509 - code_cleaner - [32mINFO[0m - logger.py:131 - å¤‡ä»½æ–‡ä»¶: [â–ˆâ–ˆâ–ˆâ–ˆâ–ˆâ–ˆâ–ˆâ–ˆâ–ˆâ–ˆâ–ˆâ–ˆâ–ˆâ–ˆâ–ˆâ–ˆâ–ˆâ–ˆâ–ˆâ–ˆâ–ˆâ–ˆâ–ˆâ–ˆâ–ˆâ–ˆâ–ˆâ–‘â–‘â–‘] 92% - å¤‡ä»½: cleanup_20250818_135153.log
2025-08-18 13:52:34,510 - code_cleaner - [32mINFO[0m - logger.py:131 - å¤‡ä»½æ–‡ä»¶: [â–ˆâ–ˆâ–ˆâ–ˆâ–ˆâ–ˆâ–ˆâ–ˆâ–ˆâ–ˆâ–ˆâ–ˆâ–ˆâ–ˆâ–ˆâ–ˆâ–ˆâ–ˆâ–ˆâ–ˆâ–ˆâ–ˆâ–ˆâ–ˆâ–ˆâ–ˆâ–ˆâ–ˆâ–‘â–‘] 96% - å¤‡ä»½: cleanup_20250818_135153.log
2025-08-18 13:52:34,511 - code_cleaner - [32mINFO[0m - logger.py:131 - å¤‡ä»½æ–‡ä»¶: [â–ˆâ–ˆâ–ˆâ–ˆâ–ˆâ–ˆâ–ˆâ–ˆâ–ˆâ–ˆâ–ˆâ–ˆâ–ˆâ–ˆâ–ˆâ–ˆâ–ˆâ–ˆâ–ˆâ–ˆâ–ˆâ–ˆâ–ˆâ–ˆâ–ˆâ–ˆâ–ˆâ–ˆâ–ˆâ–ˆ] 100% - å¤‡ä»½: cleanup_20250818_135224.log
2025-08-18 13:52:34,512 - code_cleaner - [32mINFO[0m - logger.py:158 - å¤‡ä»½æ–‡ä»¶: [â–ˆâ–ˆâ–ˆâ–ˆâ–ˆâ–ˆâ–ˆâ–ˆâ–ˆâ–ˆâ–ˆâ–ˆâ–ˆâ–ˆâ–ˆâ–ˆâ–ˆâ–ˆâ–ˆâ–ˆâ–ˆâ–ˆâ–ˆâ–ˆâ–ˆâ–ˆâ–ˆâ–ˆâ–ˆâ–ˆ] 100% - å¤‡ä»½å®Œæˆï¼Œå…±å¤‡ä»½ 26 ä¸ªæ–‡ä»¶
2025-08-18 13:52:34,514 - code_cleaner - [32mINFO[0m - cleaner_engine.py:256 - å¼€å§‹æ¸…ç† 26 ä¸ªæ–‡ä»¶
2025-08-18 13:52:34,514 - code_cleaner - [32mINFO[0m - logger.py:131 - æ¸…ç†æ–‡ä»¶: [â–‘â–‘â–‘â–‘â–‘â–‘â–‘â–‘â–‘â–‘â–‘â–‘â–‘â–‘â–‘â–‘â–‘â–‘â–‘â–‘â–‘â–‘â–‘â–‘â–‘â–‘â–‘â–‘â–‘â–‘] 3% - åˆ é™¤: AppNavigationTest.kt
2025-08-18 13:52:34,514 - code_cleaner - [32mINFO[0m - logger.py:131 - æ¸…ç†æ–‡ä»¶: [â–ˆâ–ˆâ–‘â–‘â–‘â–‘â–‘â–‘â–‘â–‘â–‘â–‘â–‘â–‘â–‘â–‘â–‘â–‘â–‘â–‘â–‘â–‘â–‘â–‘â–‘â–‘â–‘â–‘â–‘â–‘] 7% - åˆ é™¤: ExampleInstrumentedTest.kt
2025-08-18 13:52:34,516 - code_cleaner - [32mINFO[0m - logger.py:131 - æ¸…ç†æ–‡ä»¶: [â–ˆâ–ˆâ–ˆâ–‘â–‘â–‘â–‘â–‘â–‘â–‘â–‘â–‘â–‘â–‘â–‘â–‘â–‘â–‘â–‘â–‘â–‘â–‘â–‘â–‘â–‘â–‘â–‘â–‘â–‘â–‘] 11% - åˆ é™¤: TestAppModule.kt
2025-08-18 13:52:34,517 - code_cleaner - [32mINFO[0m - logger.py:131 - æ¸…ç†æ–‡ä»¶: [â–ˆâ–ˆâ–ˆâ–ˆâ–‘â–‘â–‘â–‘â–‘â–‘â–‘â–‘â–‘â–‘â–‘â–‘â–‘â–‘â–‘â–‘â–‘â–‘â–‘â–‘â–‘â–‘â–‘â–‘â–‘â–‘] 15% - åˆ é™¤: ExampleUnitTest.kt
2025-08-18 13:52:34,517 - code_cleaner - [32mINFO[0m - logger.py:131 - æ¸…ç†æ–‡ä»¶: [â–ˆâ–ˆâ–ˆâ–ˆâ–ˆâ–‘â–‘â–‘â–‘â–‘â–‘â–‘â–‘â–‘â–‘â–‘â–‘â–‘â–‘â–‘â–‘â–‘â–‘â–‘â–‘â–‘â–‘â–‘â–‘â–‘] 19% - åˆ é™¤: MangaDaoTest.kt
2025-08-18 13:52:34,517 - code_cleaner - [32mINFO[0m - logger.py:131 - æ¸…ç†æ–‡ä»¶: [â–ˆâ–ˆâ–ˆâ–ˆâ–ˆâ–ˆâ–‘â–‘â–‘â–‘â–‘â–‘â–‘â–‘â–‘â–‘â–‘â–‘â–‘â–‘â–‘â–‘â–‘â–‘â–‘â–‘â–‘â–‘â–‘â–‘] 23% - åˆ é™¤: MangaRepositoryImplTest.kt
2025-08-18 13:52:34,518 - code_cleaner - [32mINFO[0m - logger.py:131 - æ¸…ç†æ–‡ä»¶: [â–ˆâ–ˆâ–ˆâ–ˆâ–ˆâ–ˆâ–ˆâ–‘â–‘â–‘â–‘â–‘â–‘â–‘â–‘â–‘â–‘â–‘â–‘â–‘â–‘â–‘â–‘â–‘â–‘â–‘â–‘â–‘â–‘â–‘] 26% - åˆ é™¤: WebDavRepositoryTest.kt
2025-08-18 13:52:34,518 - code_cleaner - [32mINFO[0m - logger.py:131 - æ¸…ç†æ–‡ä»¶: [â–ˆâ–ˆâ–ˆâ–ˆâ–ˆâ–ˆâ–ˆâ–ˆâ–ˆâ–‘â–‘â–‘â–‘â–‘â–‘â–‘â–‘â–‘â–‘â–‘â–‘â–‘â–‘â–‘â–‘â–‘â–‘â–‘â–‘â–‘] 30% - åˆ é™¤: DependencyContainerTest.kt
2025-08-18 13:52:34,519 - code_cleaner - [32mINFO[0m - logger.py:131 - æ¸…ç†æ–‡ä»¶: [â–ˆâ–ˆâ–ˆâ–ˆâ–ˆâ–ˆâ–ˆâ–ˆâ–ˆâ–ˆâ–‘â–‘â–‘â–‘â–‘â–‘â–‘â–‘â–‘â–‘â–‘â–‘â–‘â–‘â–‘â–‘â–‘â–‘â–‘â–‘] 34% - åˆ é™¤: KoinModulesTest.kt
2025-08-18 13:52:34,519 - code_cleaner - [32mINFO[0m - logger.py:131 - æ¸…ç†æ–‡ä»¶: [â–ˆâ–ˆâ–ˆâ–ˆâ–ˆâ–ˆâ–ˆâ–ˆâ–ˆâ–ˆâ–ˆâ–‘â–‘â–‘â–‘â–‘â–‘â–‘â–‘â–‘â–‘â–‘â–‘â–‘â–‘â–‘â–‘â–‘â–‘â–‘] 38% - åˆ é™¤: BookshelfServiceKoinTest.kt
2025-08-18 13:52:34,520 - code_cleaner - [32mINFO[0m - logger.py:131 - æ¸…ç†æ–‡ä»¶: [â–ˆâ–ˆâ–ˆâ–ˆâ–ˆâ–ˆâ–ˆâ–ˆâ–ˆâ–ˆâ–ˆâ–ˆâ–‘â–‘â–‘â–‘â–‘â–‘â–‘â–‘â–‘â–‘â–‘â–‘â–‘â–‘â–‘â–‘â–‘â–‘] 42% - åˆ é™¤: ImportComicUseCaseTest.kt
2025-08-18 13:52:34,520 - code_cleaner - [32mINFO[0m - logger.py:131 - æ¸…ç†æ–‡ä»¶: [â–ˆâ–ˆâ–ˆâ–ˆâ–ˆâ–ˆâ–ˆâ–ˆâ–ˆâ–ˆâ–ˆâ–ˆâ–ˆâ–‘â–‘â–‘â–‘â–‘â–‘â–‘â–‘â–‘â–‘â–‘â–‘â–‘â–‘â–‘â–‘â–‘] 46% - åˆ é™¤: MangaUseCasesKoinTest.kt
2025-08-18 13:52:34,521 - code_cleaner - [32mINFO[0m - logger.py:131 - æ¸…ç†æ–‡ä»¶: [â–ˆâ–ˆâ–ˆâ–ˆâ–ˆâ–ˆâ–ˆâ–ˆâ–ˆâ–ˆâ–ˆâ–ˆâ–ˆâ–ˆâ–ˆâ–‘â–‘â–‘â–‘â–‘â–‘â–‘â–‘â–‘â–‘â–‘â–‘â–‘â–‘â–‘] 50% - åˆ é™¤: MangaUseCasesTest.kt
2025-08-18 13:52:34,521 - code_cleaner - [32mINFO[0m - logger.py:131 - æ¸…ç†æ–‡ä»¶: [â–ˆâ–ˆâ–ˆâ–ˆâ–ˆâ–ˆâ–ˆâ–ˆâ–ˆâ–ˆâ–ˆâ–ˆâ–ˆâ–ˆâ–ˆâ–‘â–‘â–‘â–‘â–‘â–‘â–‘â–‘â–‘â–‘â–‘â–‘â–‘â–‘â–‘] 53% - åˆ é™¤: BookshelfViewModelKoinTest.kt
2025-08-18 13:52:34,522 - code_cleaner - [32mINFO[0m - logger.py:131 - æ¸…ç†æ–‡ä»¶: [â–ˆâ–ˆâ–ˆâ–ˆâ–ˆâ–ˆâ–ˆâ–ˆâ–ˆâ–ˆâ–ˆâ–ˆâ–ˆâ–ˆâ–ˆâ–ˆâ–ˆâ–‘â–‘â–‘â–‘â–‘â–‘â–‘â–‘â–‘â–‘â–‘â–‘â–‘] 57% - åˆ é™¤: BookshelfViewModelTest.kt
2025-08-18 13:52:34,522 - code_cleaner - [32mINFO[0m - logger.py:131 - æ¸…ç†æ–‡ä»¶: [â–ˆâ–ˆâ–ˆâ–ˆâ–ˆâ–ˆâ–ˆâ–ˆâ–ˆâ–ˆâ–ˆâ–ˆâ–ˆâ–ˆâ–ˆâ–ˆâ–ˆâ–ˆâ–‘â–‘â–‘â–‘â–‘â–‘â–‘â–‘â–‘â–‘â–‘â–‘] 61% - åˆ é™¤: ReaderViewModelKoinTest.kt
2025-08-18 13:52:34,523 - code_cleaner - [32mINFO[0m - logger.py:131 - æ¸…ç†æ–‡ä»¶: [â–ˆâ–ˆâ–ˆâ–ˆâ–ˆâ–ˆâ–ˆâ–ˆâ–ˆâ–ˆâ–ˆâ–ˆâ–ˆâ–ˆâ–ˆâ–ˆâ–ˆâ–ˆâ–ˆâ–‘â–‘â–‘â–‘â–‘â–‘â–‘â–‘â–‘â–‘â–‘] 65% - åˆ é™¤: MangaRepositoryImplTest.kt
2025-08-18 13:52:34,523 - code_cleaner - [32mINFO[0m - logger.py:131 - æ¸…ç†æ–‡ä»¶: [â–ˆâ–ˆâ–ˆâ–ˆâ–ˆâ–ˆâ–ˆâ–ˆâ–ˆâ–ˆâ–ˆâ–ˆâ–ˆâ–ˆâ–ˆâ–ˆâ–ˆâ–ˆâ–ˆâ–ˆâ–‘â–‘â–‘â–‘â–‘â–‘â–‘â–‘â–‘â–‘] 69% - åˆ é™¤: errors-1755408547088.log
2025-08-18 13:52:34,523 - code_cleaner - [32mINFO[0m - logger.py:131 - æ¸…ç†æ–‡ä»¶: [â–ˆâ–ˆâ–ˆâ–ˆâ–ˆâ–ˆâ–ˆâ–ˆâ–ˆâ–ˆâ–ˆâ–ˆâ–ˆâ–ˆâ–ˆâ–ˆâ–ˆâ–ˆâ–ˆâ–ˆâ–ˆâ–‘â–‘â–‘â–‘â–‘â–‘â–‘â–‘â–‘] 73% - åˆ é™¤: utp.0.log
2025-08-18 13:52:34,523 - code_cleaner - [32mINFO[0m - logger.py:131 - æ¸…ç†æ–‡ä»¶: [â–ˆâ–ˆâ–ˆâ–ˆâ–ˆâ–ˆâ–ˆâ–ˆâ–ˆâ–ˆâ–ˆâ–ˆâ–ˆâ–ˆâ–ˆâ–ˆâ–ˆâ–ˆâ–ˆâ–ˆâ–ˆâ–ˆâ–‘â–‘â–‘â–‘â–‘â–‘â–‘â–‘] 76% - åˆ é™¤: test-results.log
2025-08-18 13:52:34,524 - code_cleaner - [32mINFO[0m - logger.py:131 - æ¸…ç†æ–‡ä»¶: [â–ˆâ–ˆâ–ˆâ–ˆâ–ˆâ–ˆâ–ˆâ–ˆâ–ˆâ–ˆâ–ˆâ–ˆâ–ˆâ–ˆâ–ˆâ–ˆâ–ˆâ–ˆâ–ˆâ–ˆâ–ˆâ–ˆâ–ˆâ–ˆâ–‘â–‘â–‘â–‘â–‘â–‘] 80% - åˆ é™¤: cleanup_20250818_134843.log
2025-08-18 13:52:34,525 - code_cleaner - [32mINFO[0m - logger.py:131 - æ¸…ç†æ–‡ä»¶: [â–ˆâ–ˆâ–ˆâ–ˆâ–ˆâ–ˆâ–ˆâ–ˆâ–ˆâ–ˆâ–ˆâ–ˆâ–ˆâ–ˆâ–ˆâ–ˆâ–ˆâ–ˆâ–ˆâ–ˆâ–ˆâ–ˆâ–ˆâ–ˆâ–ˆâ–‘â–‘â–‘â–‘â–‘] 84% - åˆ é™¤: cleanup_20250818_134843.log
2025-08-18 13:52:34,526 - code_cleaner - [32mINFO[0m - logger.py:131 - æ¸…ç†æ–‡ä»¶: [â–ˆâ–ˆâ–ˆâ–ˆâ–ˆâ–ˆâ–ˆâ–ˆâ–ˆâ–ˆâ–ˆâ–ˆâ–ˆâ–ˆâ–ˆâ–ˆâ–ˆâ–ˆâ–ˆâ–ˆâ–ˆâ–ˆâ–ˆâ–ˆâ–ˆâ–ˆâ–‘â–‘â–‘â–‘] 88% - åˆ é™¤: cleanup_20250818_135130.log
2025-08-18 13:52:34,529 - code_cleaner - [32mINFO[0m - logger.py:131 - æ¸…ç†æ–‡ä»¶: [â–ˆâ–ˆâ–ˆâ–ˆâ–ˆâ–ˆâ–ˆâ–ˆâ–ˆâ–ˆâ–ˆâ–ˆâ–ˆâ–ˆâ–ˆâ–ˆâ–ˆâ–ˆâ–ˆâ–ˆâ–ˆâ–ˆâ–ˆâ–ˆâ–ˆâ–ˆâ–ˆâ–‘â–‘â–‘] 92% - åˆ é™¤: cleanup_20250818_135153.log
2025-08-18 13:52:34,529 - code_cleaner - [32mINFO[0m - logger.py:131 - æ¸…ç†æ–‡ä»¶: [â–ˆâ–ˆâ–ˆâ–ˆâ–ˆâ–ˆâ–ˆâ–ˆâ–ˆâ–ˆâ–ˆâ–ˆâ–ˆâ–ˆâ–ˆâ–ˆâ–ˆâ–ˆâ–ˆâ–ˆâ–ˆâ–ˆâ–ˆâ–ˆâ–ˆâ–ˆâ–ˆâ–ˆâ–‘â–‘] 96% - åˆ é™¤: cleanup_20250818_135153.log
2025-08-18 13:52:34,530 - code_cleaner - [31mERROR[0m - cleaner_engine.py:276 - åˆ é™¤æ–‡ä»¶å¤±è´¥ C:\000\Comic\Easy-Comic\code_cleaner\logs\cleanup_20250818_135224.log: [WinError 32] å¦ä¸€ä¸ªç¨‹åºæ­£åœ¨ä½¿ç”¨æ­¤æ–‡ä»¶ï¼Œè¿›ç¨‹æ— æ³•è®¿é—®ã€‚: 'C:\\000\\Comic\\Easy-Comic\\code_cleaner\\logs\\cleanup_20250818_135224.log'
2025-08-18 13:52:34,530 - code_cleaner - [32mINFO[0m - logger.py:131 - æ¸…ç†æ–‡ä»¶: [â–ˆâ–ˆâ–ˆâ–ˆâ–ˆâ–ˆâ–ˆâ–ˆâ–ˆâ–ˆâ–ˆâ–ˆâ–ˆâ–ˆâ–ˆâ–ˆâ–ˆâ–ˆâ–ˆâ–ˆâ–ˆâ–ˆâ–ˆâ–ˆâ–ˆâ–ˆâ–ˆâ–ˆâ–ˆâ–ˆ] 100% - å¤±è´¥: cleanup_20250818_135224.log
2025-08-18 13:52:34,531 - code_cleaner - [32mINFO[0m - logger.py:158 - æ¸…ç†æ–‡ä»¶: [â–ˆâ–ˆâ–ˆâ–ˆâ–ˆâ–ˆâ–ˆâ–ˆâ–ˆâ–ˆâ–ˆâ–ˆâ–ˆâ–ˆâ–ˆâ–ˆâ–ˆâ–ˆâ–ˆâ–ˆâ–ˆâ–ˆâ–ˆâ–ˆâ–ˆâ–ˆâ–ˆâ–ˆâ–ˆâ–ˆ] 100% - æ–‡ä»¶æ¸…ç†å®Œæˆ
2025-08-18 13:52:34,531 - code_cleaner - [32mINFO[0m - cleaner_engine.py:289 - å¼€å§‹æ¸…ç† 196 ä¸ªç›®å½•
2025-08-18 13:52:34,531 - code_cleaner - [32mINFO[0m - logger.py:131 - æ¸…ç†ç›®å½•: [â–‘â–‘â–‘â–‘â–‘â–‘â–‘â–‘â–‘â–‘â–‘â–‘â–‘â–‘â–‘â–‘â–‘â–‘â–‘â–‘â–‘â–‘â–‘â–‘â–‘â–‘â–‘â–‘â–‘â–‘] 0% - åˆ é™¤: errors
2025-08-18 13:52:34,532 - code_cleaner - [32mINFO[0m - logger.py:131 - æ¸…ç†ç›®å½•: [â–‘â–‘â–‘â–‘â–‘â–‘â–‘â–‘â–‘â–‘â–‘â–‘â–‘â–‘â–‘â–‘â–‘â–‘â–‘â–‘â–‘â–‘â–‘â–‘â–‘â–‘â–‘â–‘â–‘â–‘] 1% - åˆ é™¤: debug
2025-08-18 13:52:34,532 - code_cleaner - [32mINFO[0m - logger.py:131 - æ¸…ç†ç›®å½•: [â–‘â–‘â–‘â–‘â–‘â–‘â–‘â–‘â–‘â–‘â–‘â–‘â–‘â–‘â–‘â–‘â–‘â–‘â–‘â–‘â–‘â–‘â–‘â–‘â–‘â–‘â–‘â–‘â–‘â–‘] 2% - åˆ é™¤: pngs
2025-08-18 13:52:34,533 - code_cleaner - [32mINFO[0m - logger.py:131 - æ¸…ç†ç›®å½•: [â–‘â–‘â–‘â–‘â–‘â–‘â–‘â–‘â–‘â–‘â–‘â–‘â–‘â–‘â–‘â–‘â–‘â–‘â–‘â–‘â–‘â–‘â–‘â–‘â–‘â–‘â–‘â–‘â–‘â–‘] 3% - åˆ é™¤: debug
2025-08-18 13:52:34,534 - code_cleaner - [32mINFO[0m - logger.py:131 - æ¸…ç†ç›®å½•: [â–ˆâ–‘â–‘â–‘â–‘â–‘â–‘â–‘â–‘â–‘â–‘â–‘â–‘â–‘â–‘â–‘â–‘â–‘â–‘â–‘â–‘â–‘â–‘â–‘â–‘â–‘â–‘â–‘â–‘â–‘] 4% - åˆ é™¤: debugAndroidTest
2025-08-18 13:52:34,535 - code_cleaner - [32mINFO[0m - logger.py:131 - æ¸…ç†ç›®å½•: [â–ˆâ–‘â–‘â–‘â–‘â–‘â–‘â–‘â–‘â–‘â–‘â–‘â–‘â–‘â–‘â–‘â–‘â–‘â–‘â–‘â–‘â–‘â–‘â–‘â–‘â–‘â–‘â–‘â–‘â–‘] 5% - åˆ é™¤: mergeDebugResources
2025-08-18 13:52:34,536 - code_cleaner - [32mINFO[0m - logger.py:131 - æ¸…ç†ç›®å½•: [â–ˆâ–‘â–‘â–‘â–‘â–‘â–‘â–‘â–‘â–‘â–‘â–‘â–‘â–‘â–‘â–‘â–‘â–‘â–‘â–‘â–‘â–‘â–‘â–‘â–‘â–‘â–‘â–‘â–‘â–‘] 6% - åˆ é™¤: packageDebugResources
2025-08-18 13:52:34,536 - code_cleaner - [32mINFO[0m - logger.py:131 - æ¸…ç†ç›®å½•: [â–ˆâ–ˆâ–‘â–‘â–‘â–‘â–‘â–‘â–‘â–‘â–‘â–‘â–‘â–‘â–‘â–‘â–‘â–‘â–‘â–‘â–‘â–‘â–‘â–‘â–‘â–‘â–‘â–‘â–‘â–‘] 7% - åˆ é™¤: debug
2025-08-18 13:52:34,537 - code_cleaner - [32mINFO[0m - logger.py:131 - æ¸…ç†ç›®å½•: [â–ˆâ–ˆâ–‘â–‘â–‘â–‘â–‘â–‘â–‘â–‘â–‘â–‘â–‘â–‘â–‘â–‘â–‘â–‘â–‘â–‘â–‘â–‘â–‘â–‘â–‘â–‘â–‘â–‘â–‘â–‘] 8% - åˆ é™¤: debug
2025-08-18 13:52:34,537 - code_cleaner - [32mINFO[0m - logger.py:131 - æ¸…ç†ç›®å½•: [â–ˆâ–ˆâ–‘â–‘â–‘â–‘â–‘â–‘â–‘â–‘â–‘â–‘â–‘â–‘â–‘â–‘â–‘â–‘â–‘â–‘â–‘â–‘â–‘â–‘â–‘â–‘â–‘â–‘â–‘â–‘] 9% - åˆ é™¤: dexBuilderDebug
2025-08-18 13:52:34,538 - code_cleaner - [32mINFO[0m - logger.py:131 - æ¸…ç†ç›®å½•: [â–ˆâ–ˆâ–ˆâ–‘â–‘â–‘â–‘â–‘â–‘â–‘â–‘â–‘â–‘â–‘â–‘â–‘â–‘â–‘â–‘â–‘â–‘â–‘â–‘â–‘â–‘â–‘â–‘â–‘â–‘â–‘] 10% - åˆ é™¤: dexBuilderDebug
2025-08-18 13:52:34,538 - code_cleaner - [32mINFO[0m - logger.py:131 - æ¸…ç†ç›®å½•: [â–ˆâ–ˆâ–ˆâ–‘â–‘â–‘â–‘â–‘â–‘â–‘â–‘â–‘â–‘â–‘â–‘â–‘â–‘â–‘â–‘â–‘â–‘â–‘â–‘â–‘â–‘â–‘â–‘â–‘â–‘â–‘] 11% - åˆ é™¤: debug
2025-08-18 13:52:34,539 - code_cleaner - [32mINFO[0m - logger.py:131 - æ¸…ç†ç›®å½•: [â–ˆâ–ˆâ–ˆâ–‘â–‘â–‘â–‘â–‘â–‘â–‘â–‘â–‘â–‘â–‘â–‘â–‘â–‘â–‘â–‘â–‘â–‘â–‘â–‘â–‘â–‘â–‘â–‘â–‘â–‘â–‘] 12% - åˆ é™¤: dexBuilderDebug
2025-08-18 13:52:34,539 - code_cleaner - [32mINFO[0m - logger.py:131 - æ¸…ç†ç›®å½•: [â–ˆâ–ˆâ–ˆâ–‘â–‘â–‘â–‘â–‘â–‘â–‘â–‘â–‘â–‘â–‘â–‘â–‘â–‘â–‘â–‘â–‘â–‘â–‘â–‘â–‘â–‘â–‘â–‘â–‘â–‘â–‘] 13% - åˆ é™¤: dexBuilderDebug
2025-08-18 13:52:34,540 - code_cleaner - [32mINFO[0m - logger.py:131 - æ¸…ç†ç›®å½•: [â–ˆâ–ˆâ–ˆâ–ˆâ–‘â–‘â–‘â–‘â–‘â–‘â–‘â–‘â–‘â–‘â–‘â–‘â–‘â–‘â–‘â–‘â–‘â–‘â–‘â–‘â–‘â–‘â–‘â–‘â–‘â–‘] 14% - åˆ é™¤: debug
2025-08-18 13:52:34,542 - code_cleaner - [32mINFO[0m - logger.py:131 - æ¸…ç†ç›®å½•: [â–ˆâ–ˆâ–ˆâ–ˆâ–‘â–‘â–‘â–‘â–‘â–‘â–‘â–‘â–‘â–‘â–‘â–‘â–‘â–‘â–‘â–‘â–‘â–‘â–‘â–‘â–‘â–‘â–‘â–‘â–‘â–‘] 15% - åˆ é™¤: dexBuilderDebug
2025-08-18 13:52:34,543 - code_cleaner - [32mINFO[0m - logger.py:131 - æ¸…ç†ç›®å½•: [â–ˆâ–ˆâ–ˆâ–ˆâ–‘â–‘â–‘â–‘â–‘â–‘â–‘â–‘â–‘â–‘â–‘â–‘â–‘â–‘â–‘â–‘â–‘â–‘â–‘â–‘â–‘â–‘â–‘â–‘â–‘â–‘] 16% - åˆ é™¤: dexBuilderDebug
2025-08-18 13:52:34,544 - code_cleaner - [32mINFO[0m - logger.py:131 - æ¸…ç†ç›®å½•: [â–ˆâ–ˆâ–ˆâ–ˆâ–ˆâ–‘â–‘â–‘â–‘â–‘â–‘â–‘â–‘â–‘â–‘â–‘â–‘â–‘â–‘â–‘â–‘â–‘â–‘â–‘â–‘â–‘â–‘â–‘â–‘â–‘] 17% - åˆ é™¤: dexBuilderDebug
2025-08-18 13:52:34,545 - code_cleaner - [32mINFO[0m - logger.py:131 - æ¸…ç†ç›®å½•: [â–ˆâ–ˆâ–ˆâ–ˆâ–ˆâ–‘â–‘â–‘â–‘â–‘â–‘â–‘â–‘â–‘â–‘â–‘â–‘â–‘â–‘â–‘â–‘â–‘â–‘â–‘â–‘â–‘â–‘â–‘â–‘â–‘] 18% - åˆ é™¤: ui
2025-08-18 13:52:34,545 - code_cleaner - [32mINFO[0m - logger.py:131 - æ¸…ç†ç›®å½•: [â–ˆâ–ˆâ–ˆâ–ˆâ–ˆâ–‘â–‘â–‘â–‘â–‘â–‘â–‘â–‘â–‘â–‘â–‘â–‘â–‘â–‘â–‘â–‘â–‘â–‘â–‘â–‘â–‘â–‘â–‘â–‘â–‘] 19% - åˆ é™¤: mergeDebugJniLibFolders
2025-08-18 13:52:34,546 - code_cleaner - [32mINFO[0m - logger.py:131 - æ¸…ç†ç›®å½•: [â–ˆâ–ˆâ–ˆâ–ˆâ–ˆâ–ˆâ–‘â–‘â–‘â–‘â–‘â–‘â–‘â–‘â–‘â–‘â–‘â–‘â–‘â–‘â–‘â–‘â–‘â–‘â–‘â–‘â–‘â–‘â–‘â–‘] 20% - åˆ é™¤: mergeDebugShaders
2025-08-18 13:52:34,546 - code_cleaner - [32mINFO[0m - logger.py:131 - æ¸…ç†ç›®å½•: [â–ˆâ–ˆâ–ˆâ–ˆâ–ˆâ–ˆâ–‘â–‘â–‘â–‘â–‘â–‘â–‘â–‘â–‘â–‘â–‘â–‘â–‘â–‘â–‘â–‘â–‘â–‘â–‘â–‘â–‘â–‘â–‘â–‘] 21% - åˆ é™¤: mergeDebugNativeLibs
2025-08-18 13:52:34,547 - code_cleaner - [32mINFO[0m - logger.py:131 - æ¸…ç†ç›®å½•: [â–ˆâ–ˆâ–ˆâ–ˆâ–ˆâ–ˆâ–‘â–‘â–‘â–‘â–‘â–‘â–‘â–‘â–‘â–‘â–‘â–‘â–‘â–‘â–‘â–‘â–‘â–‘â–‘â–‘â–‘â–‘â–‘â–‘] 22% - åˆ é™¤: dexBuilderDebugAndroidTest
2025-08-18 13:52:34,547 - code_cleaner - [32mINFO[0m - logger.py:131 - æ¸…ç†ç›®å½•: [â–ˆâ–ˆâ–ˆâ–ˆâ–ˆâ–ˆâ–‘â–‘â–‘â–‘â–‘â–‘â–‘â–‘â–‘â–‘â–‘â–‘â–‘â–‘â–‘â–‘â–‘â–‘â–‘â–‘â–‘â–‘â–‘â–‘] 23% - åˆ é™¤: dexBuilderDebugAndroidTest
2025-08-18 13:52:34,548 - code_cleaner - [32mINFO[0m - logger.py:131 - æ¸…ç†ç›®å½•: [â–ˆâ–ˆâ–ˆâ–ˆâ–ˆâ–ˆâ–ˆâ–‘â–‘â–‘â–‘â–‘â–‘â–‘â–‘â–‘â–‘â–‘â–‘â–‘â–‘â–‘â–‘â–‘â–‘â–‘â–‘â–‘â–‘â–‘] 24% - åˆ é™¤: debug
2025-08-18 13:52:34,548 - code_cleaner - [32mINFO[0m - logger.py:131 - æ¸…ç†ç›®å½•: [â–ˆâ–ˆâ–ˆâ–ˆâ–ˆâ–ˆâ–ˆâ–‘â–‘â–‘â–‘â–‘â–‘â–‘â–‘â–‘â–‘â–‘â–‘â–‘â–‘â–‘â–‘â–‘â–‘â–‘â–‘â–‘â–‘â–‘] 25% - åˆ é™¤: debugAndroidTest
2025-08-18 13:52:34,549 - code_cleaner - [32mINFO[0m - logger.py:131 - æ¸…ç†ç›®å½•: [â–ˆâ–ˆâ–ˆâ–ˆâ–ˆâ–ˆâ–ˆâ–‘â–‘â–‘â–‘â–‘â–‘â–‘â–‘â–‘â–‘â–‘â–‘â–‘â–‘â–‘â–‘â–‘â–‘â–‘â–‘â–‘â–‘â–‘] 26% - åˆ é™¤: kspDebugKotlin
2025-08-18 13:52:34,549 - code_cleaner - [32mINFO[0m - logger.py:131 - æ¸…ç†ç›®å½•: [â–ˆâ–ˆâ–ˆâ–ˆâ–ˆâ–ˆâ–ˆâ–ˆâ–‘â–‘â–‘â–‘â–‘â–‘â–‘â–‘â–‘â–‘â–‘â–‘â–‘â–‘â–‘â–‘â–‘â–‘â–‘â–‘â–‘â–‘] 27% - åˆ é™¤: connected
2025-08-18 13:52:34,550 - code_cleaner - [32mINFO[0m - logger.py:131 - æ¸…ç†ç›®å½•: [â–ˆâ–ˆâ–ˆâ–ˆâ–ˆâ–ˆâ–ˆâ–ˆâ–‘â–‘â–‘â–‘â–‘â–‘â–‘â–‘â–‘â–‘â–‘â–‘â–‘â–‘â–‘â–‘â–‘â–‘â–‘â–‘â–‘â–‘] 28% - åˆ é™¤: debug
2025-08-18 13:52:34,550 - code_cleaner - [32mINFO[0m - logger.py:131 - æ¸…ç†ç›®å½•: [â–ˆâ–ˆâ–ˆâ–ˆâ–ˆâ–ˆâ–ˆâ–ˆâ–‘â–‘â–‘â–‘â–‘â–‘â–‘â–‘â–‘â–‘â–‘â–‘â–‘â–‘â–‘â–‘â–‘â–‘â–‘â–‘â–‘â–‘] 29% - åˆ é™¤: androidTest
2025-08-18 13:52:34,551 - code_cleaner - [32mINFO[0m - logger.py:131 - æ¸…ç†ç›®å½•: [â–ˆâ–ˆâ–ˆâ–ˆâ–ˆâ–ˆâ–ˆâ–ˆâ–ˆâ–‘â–‘â–‘â–‘â–‘â–‘â–‘â–‘â–‘â–‘â–‘â–‘â–‘â–‘â–‘â–‘â–‘â–‘â–‘â–‘â–‘] 30% - åˆ é™¤: debugAndroidTest
2025-08-18 13:52:34,551 - code_cleaner - [32mINFO[0m - logger.py:131 - æ¸…ç†ç›®å½•: [â–ˆâ–ˆâ–ˆâ–ˆâ–ˆâ–ˆâ–ˆâ–ˆâ–ˆâ–‘â–‘â–‘â–‘â–‘â–‘â–‘â–‘â–‘â–‘â–‘â–‘â–‘â–‘â–‘â–‘â–‘â–‘â–‘â–‘â–‘] 31% - åˆ é™¤: compressDebugAndroidTestAssets
2025-08-18 13:52:34,552 - code_cleaner - [32mINFO[0m - logger.py:131 - æ¸…ç†ç›®å½•: [â–ˆâ–ˆâ–ˆâ–ˆâ–ˆâ–ˆâ–ˆâ–ˆâ–ˆâ–‘â–‘â–‘â–‘â–‘â–‘â–‘â–‘â–‘â–‘â–‘â–‘â–‘â–‘â–‘â–‘â–‘â–‘â–‘â–‘â–‘] 32% - åˆ é™¤: packageDebugResources
2025-08-18 13:52:34,552 - code_cleaner - [32mINFO[0m - logger.py:131 - æ¸…ç†ç›®å½•: [â–ˆâ–ˆâ–ˆâ–ˆâ–ˆâ–ˆâ–ˆâ–ˆâ–ˆâ–‘â–‘â–‘â–‘â–‘â–‘â–‘â–‘â–‘â–‘â–‘â–‘â–‘â–‘â–‘â–‘â–‘â–‘â–‘â–‘â–‘] 33% - åˆ é™¤: debugAndroidTest
2025-08-18 13:52:34,553 - code_cleaner - [32mINFO[0m - logger.py:131 - æ¸…ç†ç›®å½•: [â–ˆâ–ˆâ–ˆâ–ˆâ–ˆâ–ˆâ–ˆâ–ˆâ–ˆâ–ˆâ–‘â–‘â–‘â–‘â–‘â–‘â–‘â–‘â–‘â–‘â–‘â–‘â–‘â–‘â–‘â–‘â–‘â–‘â–‘â–‘] 34% - åˆ é™¤: dexBuilderDebugAndroidTest
2025-08-18 13:52:34,553 - code_cleaner - [32mINFO[0m - logger.py:131 - æ¸…ç†ç›®å½•: [â–ˆâ–ˆâ–ˆâ–ˆâ–ˆâ–ˆâ–ˆâ–ˆâ–ˆâ–ˆâ–‘â–‘â–‘â–‘â–‘â–‘â–‘â–‘â–‘â–‘â–‘â–‘â–‘â–‘â–‘â–‘â–‘â–‘â–‘â–‘] 35% - åˆ é™¤: dexBuilderDebugAndroidTest
2025-08-18 13:52:34,554 - code_cleaner - [32mINFO[0m - logger.py:131 - æ¸…ç†ç›®å½•: [â–ˆâ–ˆâ–ˆâ–ˆâ–ˆâ–ˆâ–ˆâ–ˆâ–ˆâ–ˆâ–‘â–‘â–‘â–‘â–‘â–‘â–‘â–‘â–‘â–‘â–‘â–‘â–‘â–‘â–‘â–‘â–‘â–‘â–‘â–‘] 36% - åˆ é™¤: debugAndroidTest
2025-08-18 13:52:34,554 - code_cleaner - [32mINFO[0m - logger.py:131 - æ¸…ç†ç›®å½•: [â–ˆâ–ˆâ–ˆâ–ˆâ–ˆâ–ˆâ–ˆâ–ˆâ–ˆâ–ˆâ–ˆâ–‘â–‘â–‘â–‘â–‘â–‘â–‘â–‘â–‘â–‘â–‘â–‘â–‘â–‘â–‘â–‘â–‘â–‘â–‘] 37% - åˆ é™¤: dexBuilderDebugAndroidTest
2025-08-18 13:52:34,555 - code_cleaner - [32mINFO[0m - logger.py:131 - æ¸…ç†ç›®å½•: [â–ˆâ–ˆâ–ˆâ–ˆâ–ˆâ–ˆâ–ˆâ–ˆâ–ˆâ–ˆâ–ˆâ–‘â–‘â–‘â–‘â–‘â–‘â–‘â–‘â–‘â–‘â–‘â–‘â–‘â–‘â–‘â–‘â–‘â–‘â–‘] 38% - åˆ é™¤: data
2025-08-18 13:52:34,555 - code_cleaner - [32mINFO[0m - logger.py:131 - æ¸…ç†ç›®å½•: [â–ˆâ–ˆâ–ˆâ–ˆâ–ˆâ–ˆâ–ˆâ–ˆâ–ˆâ–ˆâ–ˆâ–‘â–‘â–‘â–‘â–‘â–‘â–‘â–‘â–‘â–‘â–‘â–‘â–‘â–‘â–‘â–‘â–‘â–‘â–‘] 39% - åˆ é™¤: copyDebugJniLibsProjectOnly
2025-08-18 13:52:34,557 - code_cleaner - [32mINFO[0m - logger.py:131 - æ¸…ç†ç›®å½•: [â–ˆâ–ˆâ–ˆâ–ˆâ–ˆâ–ˆâ–ˆâ–ˆâ–ˆâ–ˆâ–ˆâ–ˆâ–‘â–‘â–‘â–‘â–‘â–‘â–‘â–‘â–‘â–‘â–‘â–‘â–‘â–‘â–‘â–‘â–‘â–‘] 40% - åˆ é™¤: mergeDebugAndroidTestJniLibFolders
2025-08-18 13:52:34,560 - code_cleaner - [32mINFO[0m - logger.py:131 - æ¸…ç†ç›®å½•: [â–ˆâ–ˆâ–ˆâ–ˆâ–ˆâ–ˆâ–ˆâ–ˆâ–ˆâ–ˆâ–ˆâ–ˆâ–‘â–‘â–‘â–‘â–‘â–‘â–‘â–‘â–‘â–‘â–‘â–‘â–‘â–‘â–‘â–‘â–‘â–‘] 41% - åˆ é™¤: mergeDebugAndroidTestShaders
2025-08-18 13:52:34,561 - code_cleaner - [32mINFO[0m - logger.py:131 - æ¸…ç†ç›®å½•: [â–ˆâ–ˆâ–ˆâ–ˆâ–ˆâ–ˆâ–ˆâ–ˆâ–ˆâ–ˆâ–ˆâ–ˆâ–‘â–‘â–‘â–‘â–‘â–‘â–‘â–‘â–‘â–‘â–‘â–‘â–‘â–‘â–‘â–‘â–‘â–‘] 42% - åˆ é™¤: debug
2025-08-18 13:52:34,561 - code_cleaner - [32mINFO[0m - logger.py:131 - æ¸…ç†ç›®å½•: [â–ˆâ–ˆâ–ˆâ–ˆâ–ˆâ–ˆâ–ˆâ–ˆâ–ˆâ–ˆâ–ˆâ–ˆâ–‘â–‘â–‘â–‘â–‘â–‘â–‘â–‘â–‘â–‘â–‘â–‘â–‘â–‘â–‘â–‘â–‘â–‘] 43% - åˆ é™¤: dexBuilderDebugAndroidTest
2025-08-18 13:52:34,562 - code_cleaner - [32mINFO[0m - logger.py:131 - æ¸…ç†ç›®å½•: [â–ˆâ–ˆâ–ˆâ–ˆâ–ˆâ–ˆâ–ˆâ–ˆâ–ˆâ–ˆâ–ˆâ–ˆâ–ˆâ–‘â–‘â–‘â–‘â–‘â–‘â–‘â–‘â–‘â–‘â–‘â–‘â–‘â–‘â–‘â–‘â–‘] 44% - åˆ é™¤: androidTest
2025-08-18 13:52:34,562 - code_cleaner - [32mINFO[0m - logger.py:131 - æ¸…ç†ç›®å½•: [â–ˆâ–ˆâ–ˆâ–ˆâ–ˆâ–ˆâ–ˆâ–ˆâ–ˆâ–ˆâ–ˆâ–ˆâ–ˆâ–‘â–‘â–‘â–‘â–‘â–‘â–‘â–‘â–‘â–‘â–‘â–‘â–‘â–‘â–‘â–‘â–‘] 45% - åˆ é™¤: kspDebugKotlin
2025-08-18 13:52:34,562 - code_cleaner - [32mINFO[0m - logger.py:131 - æ¸…ç†ç›®å½•: [â–ˆâ–ˆâ–ˆâ–ˆâ–ˆâ–ˆâ–ˆâ–ˆâ–ˆâ–ˆâ–ˆâ–ˆâ–ˆâ–‘â–‘â–‘â–‘â–‘â–‘â–‘â–‘â–‘â–‘â–‘â–‘â–‘â–‘â–‘â–‘â–‘] 46% - åˆ é™¤: debugAndroidTest
2025-08-18 13:52:34,563 - code_cleaner - [32mINFO[0m - logger.py:131 - æ¸…ç†ç›®å½•: [â–ˆâ–ˆâ–ˆâ–ˆâ–ˆâ–ˆâ–ˆâ–ˆâ–ˆâ–ˆâ–ˆâ–ˆâ–ˆâ–ˆâ–‘â–‘â–‘â–‘â–‘â–‘â–‘â–‘â–‘â–‘â–‘â–‘â–‘â–‘â–‘â–‘] 47% - åˆ é™¤: pngs
2025-08-18 13:52:34,564 - code_cleaner - [32mINFO[0m - logger.py:131 - æ¸…ç†ç›®å½•: [â–ˆâ–ˆâ–ˆâ–ˆâ–ˆâ–ˆâ–ˆâ–ˆâ–ˆâ–ˆâ–ˆâ–ˆâ–ˆâ–ˆâ–‘â–‘â–‘â–‘â–‘â–‘â–‘â–‘â–‘â–‘â–‘â–‘â–‘â–‘â–‘â–‘] 48% - åˆ é™¤: debugAndroidTest
2025-08-18 13:52:34,564 - code_cleaner - [32mINFO[0m - logger.py:131 - æ¸…ç†ç›®å½•: [â–ˆâ–ˆâ–ˆâ–ˆâ–ˆâ–ˆâ–ˆâ–ˆâ–ˆâ–ˆâ–ˆâ–ˆâ–ˆâ–ˆâ–‘â–‘â–‘â–‘â–‘â–‘â–‘â–‘â–‘â–‘â–‘â–‘â–‘â–‘â–‘â–‘] 49% - åˆ é™¤: compileDebugLibraryResources
2025-08-18 13:52:34,565 - code_cleaner - [32mINFO[0m - logger.py:131 - æ¸…ç†ç›®å½•: [â–ˆâ–ˆâ–ˆâ–ˆâ–ˆâ–ˆâ–ˆâ–ˆâ–ˆâ–ˆâ–ˆâ–ˆâ–ˆâ–ˆâ–ˆâ–‘â–‘â–‘â–‘â–‘â–‘â–‘â–‘â–‘â–‘â–‘â–‘â–‘â–‘â–‘] 50% - åˆ é™¤: compressDebugAndroidTestAssets
2025-08-18 13:52:34,565 - code_cleaner - [32mINFO[0m - logger.py:131 - æ¸…ç†ç›®å½•: [â–ˆâ–ˆâ–ˆâ–ˆâ–ˆâ–ˆâ–ˆâ–ˆâ–ˆâ–ˆâ–ˆâ–ˆâ–ˆâ–ˆâ–ˆâ–‘â–‘â–‘â–‘â–‘â–‘â–‘â–‘â–‘â–‘â–‘â–‘â–‘â–‘â–‘] 51% - åˆ é™¤: packageDebugResources
2025-08-18 13:52:34,566 - code_cleaner - [32mINFO[0m - logger.py:131 - æ¸…ç†ç›®å½•: [â–ˆâ–ˆâ–ˆâ–ˆâ–ˆâ–ˆâ–ˆâ–ˆâ–ˆâ–ˆâ–ˆâ–ˆâ–ˆâ–ˆâ–ˆâ–‘â–‘â–‘â–‘â–‘â–‘â–‘â–‘â–‘â–‘â–‘â–‘â–‘â–‘â–‘] 52% - åˆ é™¤: debugAndroidTest
2025-08-18 13:52:34,566 - code_cleaner - [32mINFO[0m - logger.py:131 - æ¸…ç†ç›®å½•: [â–ˆâ–ˆâ–ˆâ–ˆâ–ˆâ–ˆâ–ˆâ–ˆâ–ˆâ–ˆâ–ˆâ–ˆâ–ˆâ–ˆâ–ˆâ–‘â–‘â–‘â–‘â–‘â–‘â–‘â–‘â–‘â–‘â–‘â–‘â–‘â–‘â–‘] 53% - åˆ é™¤: dexBuilderDebugAndroidTest
2025-08-18 13:52:34,566 - code_cleaner - [32mINFO[0m - logger.py:131 - æ¸…ç†ç›®å½•: [â–ˆâ–ˆâ–ˆâ–ˆâ–ˆâ–ˆâ–ˆâ–ˆâ–ˆâ–ˆâ–ˆâ–ˆâ–ˆâ–ˆâ–ˆâ–ˆâ–‘â–‘â–‘â–‘â–‘â–‘â–‘â–‘â–‘â–‘â–‘â–‘â–‘â–‘] 54% - åˆ é™¤: dexBuilderDebugAndroidTest
2025-08-18 13:52:34,567 - code_cleaner - [32mINFO[0m - logger.py:131 - æ¸…ç†ç›®å½•: [â–ˆâ–ˆâ–ˆâ–ˆâ–ˆâ–ˆâ–ˆâ–ˆâ–ˆâ–ˆâ–ˆâ–ˆâ–ˆâ–ˆâ–ˆâ–ˆâ–‘â–‘â–‘â–‘â–‘â–‘â–‘â–‘â–‘â–‘â–‘â–‘â–‘â–‘] 55% - åˆ é™¤: debugAndroidTest
2025-08-18 13:52:34,567 - code_cleaner - [32mINFO[0m - logger.py:131 - æ¸…ç†ç›®å½•: [â–ˆâ–ˆâ–ˆâ–ˆâ–ˆâ–ˆâ–ˆâ–ˆâ–ˆâ–ˆâ–ˆâ–ˆâ–ˆâ–ˆâ–ˆâ–ˆâ–‘â–‘â–‘â–‘â–‘â–‘â–‘â–‘â–‘â–‘â–‘â–‘â–‘â–‘] 56% - åˆ é™¤: dexBuilderDebugAndroidTest
2025-08-18 13:52:34,568 - code_cleaner - [32mINFO[0m - logger.py:131 - æ¸…ç†ç›®å½•: [â–ˆâ–ˆâ–ˆâ–ˆâ–ˆâ–ˆâ–ˆâ–ˆâ–ˆâ–ˆâ–ˆâ–ˆâ–ˆâ–ˆâ–ˆâ–ˆâ–ˆâ–‘â–‘â–‘â–‘â–‘â–‘â–‘â–‘â–‘â–‘â–‘â–‘â–‘] 57% - åˆ é™¤: usecase
2025-08-18 13:52:34,568 - code_cleaner - [32mINFO[0m - logger.py:131 - æ¸…ç†ç›®å½•: [â–ˆâ–ˆâ–ˆâ–ˆâ–ˆâ–ˆâ–ˆâ–ˆâ–ˆâ–ˆâ–ˆâ–ˆâ–ˆâ–ˆâ–ˆâ–ˆâ–ˆâ–‘â–‘â–‘â–‘â–‘â–‘â–‘â–‘â–‘â–‘â–‘â–‘â–‘] 58% - åˆ é™¤: copyDebugJniLibsProjectOnly
2025-08-18 13:52:34,569 - code_cleaner - [32mINFO[0m - logger.py:131 - æ¸…ç†ç›®å½•: [â–ˆâ–ˆâ–ˆâ–ˆâ–ˆâ–ˆâ–ˆâ–ˆâ–ˆâ–ˆâ–ˆâ–ˆâ–ˆâ–ˆâ–ˆâ–ˆâ–ˆâ–‘â–‘â–‘â–‘â–‘â–‘â–‘â–‘â–‘â–‘â–‘â–‘â–‘] 59% - åˆ é™¤: mergeDebugAndroidTestJniLibFolders
2025-08-18 13:52:34,569 - code_cleaner - [32mINFO[0m - logger.py:131 - æ¸…ç†ç›®å½•: [â–ˆâ–ˆâ–ˆâ–ˆâ–ˆâ–ˆâ–ˆâ–ˆâ–ˆâ–ˆâ–ˆâ–ˆâ–ˆâ–ˆâ–ˆâ–ˆâ–ˆâ–ˆâ–‘â–‘â–‘â–‘â–‘â–‘â–‘â–‘â–‘â–‘â–‘â–‘] 60% - åˆ é™¤: mergeDebugAndroidTestShaders
2025-08-18 13:52:34,570 - code_cleaner - [32mINFO[0m - logger.py:131 - æ¸…ç†ç›®å½•: [â–ˆâ–ˆâ–ˆâ–ˆâ–ˆâ–ˆâ–ˆâ–ˆâ–ˆâ–ˆâ–ˆâ–ˆâ–ˆâ–ˆâ–ˆâ–ˆâ–ˆâ–ˆâ–‘â–‘â–‘â–‘â–‘â–‘â–‘â–‘â–‘â–‘â–‘â–‘] 61% - åˆ é™¤: debug
2025-08-18 13:52:34,571 - code_cleaner - [32mINFO[0m - logger.py:131 - æ¸…ç†ç›®å½•: [â–ˆâ–ˆâ–ˆâ–ˆâ–ˆâ–ˆâ–ˆâ–ˆâ–ˆâ–ˆâ–ˆâ–ˆâ–ˆâ–ˆâ–ˆâ–ˆâ–ˆâ–ˆâ–‘â–‘â–‘â–‘â–‘â–‘â–‘â–‘â–‘â–‘â–‘â–‘] 62% - åˆ é™¤: dexBuilderDebugAndroidTest
2025-08-18 13:52:34,571 - code_cleaner - [32mINFO[0m - logger.py:131 - æ¸…ç†ç›®å½•: [â–ˆâ–ˆâ–ˆâ–ˆâ–ˆâ–ˆâ–ˆâ–ˆâ–ˆâ–ˆâ–ˆâ–ˆâ–ˆâ–ˆâ–ˆâ–ˆâ–ˆâ–ˆâ–‘â–‘â–‘â–‘â–‘â–‘â–‘â–‘â–‘â–‘â–‘â–‘] 63% - åˆ é™¤: androidTest
2025-08-18 13:52:34,572 - code_cleaner - [32mINFO[0m - logger.py:131 - æ¸…ç†ç›®å½•: [â–ˆâ–ˆâ–ˆâ–ˆâ–ˆâ–ˆâ–ˆâ–ˆâ–ˆâ–ˆâ–ˆâ–ˆâ–ˆâ–ˆâ–ˆâ–ˆâ–ˆâ–ˆâ–ˆâ–‘â–‘â–‘â–‘â–‘â–‘â–‘â–‘â–‘â–‘â–‘] 64% - åˆ é™¤: connected
2025-08-18 13:52:34,573 - code_cleaner - [32mINFO[0m - logger.py:131 - æ¸…ç†ç›®å½•: [â–ˆâ–ˆâ–ˆâ–ˆâ–ˆâ–ˆâ–ˆâ–ˆâ–ˆâ–ˆâ–ˆâ–ˆâ–ˆâ–ˆâ–ˆâ–ˆâ–ˆâ–ˆâ–ˆâ–‘â–‘â–‘â–‘â–‘â–‘â–‘â–‘â–‘â–‘â–‘] 65% - åˆ é™¤: pngs
2025-08-18 13:52:34,575 - code_cleaner - [32mINFO[0m - logger.py:131 - æ¸…ç†ç›®å½•: [â–ˆâ–ˆâ–ˆâ–ˆâ–ˆâ–ˆâ–ˆâ–ˆâ–ˆâ–ˆâ–ˆâ–ˆâ–ˆâ–ˆâ–ˆâ–ˆâ–ˆâ–ˆâ–ˆâ–‘â–‘â–‘â–‘â–‘â–‘â–‘â–‘â–‘â–‘â–‘] 66% - åˆ é™¤: debugAndroidTest
2025-08-18 13:52:34,576 - code_cleaner - [32mINFO[0m - logger.py:131 - æ¸…ç†ç›®å½•: [â–ˆâ–ˆâ–ˆâ–ˆâ–ˆâ–ˆâ–ˆâ–ˆâ–ˆâ–ˆâ–ˆâ–ˆâ–ˆâ–ˆâ–ˆâ–ˆâ–ˆâ–ˆâ–ˆâ–ˆâ–‘â–‘â–‘â–‘â–‘â–‘â–‘â–‘â–‘â–‘] 67% - åˆ é™¤: compileDebugLibraryResources
2025-08-18 13:52:34,577 - code_cleaner - [32mINFO[0m - logger.py:131 - æ¸…ç†ç›®å½•: [â–ˆâ–ˆâ–ˆâ–ˆâ–ˆâ–ˆâ–ˆâ–ˆâ–ˆâ–ˆâ–ˆâ–ˆâ–ˆâ–ˆâ–ˆâ–ˆâ–ˆâ–ˆâ–ˆâ–ˆâ–‘â–‘â–‘â–‘â–‘â–‘â–‘â–‘â–‘â–‘] 68% - åˆ é™¤: mergeDebugAndroidTestResources
2025-08-18 13:52:34,577 - code_cleaner - [32mINFO[0m - logger.py:131 - æ¸…ç†ç›®å½•: [â–ˆâ–ˆâ–ˆâ–ˆâ–ˆâ–ˆâ–ˆâ–ˆâ–ˆâ–ˆâ–ˆâ–ˆâ–ˆâ–ˆâ–ˆâ–ˆâ–ˆâ–ˆâ–ˆâ–ˆâ–‘â–‘â–‘â–‘â–‘â–‘â–‘â–‘â–‘â–‘] 69% - åˆ é™¤: debugAndroidTest
2025-08-18 13:52:34,578 - code_cleaner - [32mINFO[0m - logger.py:131 - æ¸…ç†ç›®å½•: [â–ˆâ–ˆâ–ˆâ–ˆâ–ˆâ–ˆâ–ˆâ–ˆâ–ˆâ–ˆâ–ˆâ–ˆâ–ˆâ–ˆâ–ˆâ–ˆâ–ˆâ–ˆâ–ˆâ–ˆâ–ˆâ–‘â–‘â–‘â–‘â–‘â–‘â–‘â–‘â–‘] 70% - åˆ é™¤: dexBuilderDebugAndroidTest
2025-08-18 13:52:34,578 - code_cleaner - [32mINFO[0m - logger.py:131 - æ¸…ç†ç›®å½•: [â–ˆâ–ˆâ–ˆâ–ˆâ–ˆâ–ˆâ–ˆâ–ˆâ–ˆâ–ˆâ–ˆâ–ˆâ–ˆâ–ˆâ–ˆâ–ˆâ–ˆâ–ˆâ–ˆâ–ˆâ–ˆâ–‘â–‘â–‘â–‘â–‘â–‘â–‘â–‘â–‘] 71% - åˆ é™¤: debugAndroidTest
2025-08-18 13:52:34,579 - code_cleaner - [32mINFO[0m - logger.py:131 - æ¸…ç†ç›®å½•: [â–ˆâ–ˆâ–ˆâ–ˆâ–ˆâ–ˆâ–ˆâ–ˆâ–ˆâ–ˆâ–ˆâ–ˆâ–ˆâ–ˆâ–ˆâ–ˆâ–ˆâ–ˆâ–ˆâ–ˆâ–ˆâ–‘â–‘â–‘â–‘â–‘â–‘â–‘â–‘â–‘] 72% - åˆ é™¤: dexBuilderDebugAndroidTest
2025-08-18 13:52:34,579 - code_cleaner - [32mINFO[0m - logger.py:131 - æ¸…ç†ç›®å½•: [â–ˆâ–ˆâ–ˆâ–ˆâ–ˆâ–ˆâ–ˆâ–ˆâ–ˆâ–ˆâ–ˆâ–ˆâ–ˆâ–ˆâ–ˆâ–ˆâ–ˆâ–ˆâ–ˆâ–ˆâ–ˆâ–‘â–‘â–‘â–‘â–‘â–‘â–‘â–‘â–‘] 73% - åˆ é™¤: dexBuilderDebugAndroidTest
2025-08-18 13:52:34,580 - code_cleaner - [32mINFO[0m - logger.py:131 - æ¸…ç†ç›®å½•: [â–ˆâ–ˆâ–ˆâ–ˆâ–ˆâ–ˆâ–ˆâ–ˆâ–ˆâ–ˆâ–ˆâ–ˆâ–ˆâ–ˆâ–ˆâ–ˆâ–ˆâ–ˆâ–ˆâ–ˆâ–ˆâ–ˆâ–‘â–‘â–‘â–‘â–‘â–‘â–‘â–‘] 74% - åˆ é™¤: dexBuilderDebugAndroidTest
2025-08-18 13:52:34,580 - code_cleaner - [32mINFO[0m - logger.py:131 - æ¸…ç†ç›®å½•: [â–ˆâ–ˆâ–ˆâ–ˆâ–ˆâ–ˆâ–ˆâ–ˆâ–ˆâ–ˆâ–ˆâ–ˆâ–ˆâ–ˆâ–ˆâ–ˆâ–ˆâ–ˆâ–ˆâ–ˆâ–ˆâ–ˆâ–‘â–‘â–‘â–‘â–‘â–‘â–‘â–‘] 75% - åˆ é™¤: ui_bookshelf
2025-08-18 13:52:34,580 - code_cleaner - [32mINFO[0m - logger.py:131 - æ¸…ç†ç›®å½•: [â–ˆâ–ˆâ–ˆâ–ˆâ–ˆâ–ˆâ–ˆâ–ˆâ–ˆâ–ˆâ–ˆâ–ˆâ–ˆâ–ˆâ–ˆâ–ˆâ–ˆâ–ˆâ–ˆâ–ˆâ–ˆâ–ˆâ–‘â–‘â–‘â–‘â–‘â–‘â–‘â–‘] 76% - åˆ é™¤: copyDebugJniLibsProjectOnly
2025-08-18 13:52:34,581 - code_cleaner - [32mINFO[0m - logger.py:131 - æ¸…ç†ç›®å½•: [â–ˆâ–ˆâ–ˆâ–ˆâ–ˆâ–ˆâ–ˆâ–ˆâ–ˆâ–ˆâ–ˆâ–ˆâ–ˆâ–ˆâ–ˆâ–ˆâ–ˆâ–ˆâ–ˆâ–ˆâ–ˆâ–ˆâ–ˆâ–‘â–‘â–‘â–‘â–‘â–‘â–‘] 77% - åˆ é™¤: mergeDebugAndroidTestJniLibFolders
2025-08-18 13:52:34,581 - code_cleaner - [32mINFO[0m - logger.py:131 - æ¸…ç†ç›®å½•: [â–ˆâ–ˆâ–ˆâ–ˆâ–ˆâ–ˆâ–ˆâ–ˆâ–ˆâ–ˆâ–ˆâ–ˆâ–ˆâ–ˆâ–ˆâ–ˆâ–ˆâ–ˆâ–ˆâ–ˆâ–ˆâ–ˆâ–ˆâ–‘â–‘â–‘â–‘â–‘â–‘â–‘] 78% - åˆ é™¤: mergeDebugAndroidTestShaders
2025-08-18 13:52:34,582 - code_cleaner - [32mINFO[0m - logger.py:131 - æ¸…ç†ç›®å½•: [â–ˆâ–ˆâ–ˆâ–ˆâ–ˆâ–ˆâ–ˆâ–ˆâ–ˆâ–ˆâ–ˆâ–ˆâ–ˆâ–ˆâ–ˆâ–ˆâ–ˆâ–ˆâ–ˆâ–ˆâ–ˆâ–ˆâ–ˆâ–‘â–‘â–‘â–‘â–‘â–‘â–‘] 79% - åˆ é™¤: debug
2025-08-18 13:52:34,582 - code_cleaner - [32mINFO[0m - logger.py:131 - æ¸…ç†ç›®å½•: [â–ˆâ–ˆâ–ˆâ–ˆâ–ˆâ–ˆâ–ˆâ–ˆâ–ˆâ–ˆâ–ˆâ–ˆâ–ˆâ–ˆâ–ˆâ–ˆâ–ˆâ–ˆâ–ˆâ–ˆâ–ˆâ–ˆâ–ˆâ–ˆâ–‘â–‘â–‘â–‘â–‘â–‘] 80% - åˆ é™¤: ProcessLibraryManifest
2025-08-18 13:52:34,583 - code_cleaner - [32mINFO[0m - logger.py:131 - æ¸…ç†ç›®å½•: [â–ˆâ–ˆâ–ˆâ–ˆâ–ˆâ–ˆâ–ˆâ–ˆâ–ˆâ–ˆâ–ˆâ–ˆâ–ˆâ–ˆâ–ˆâ–ˆâ–ˆâ–ˆâ–ˆâ–ˆâ–ˆâ–ˆâ–ˆâ–ˆâ–‘â–‘â–‘â–‘â–‘â–‘] 81% - åˆ é™¤: debugAndroidTest
2025-08-18 13:52:34,583 - code_cleaner - [32mINFO[0m - logger.py:131 - æ¸…ç†ç›®å½•: [â–ˆâ–ˆâ–ˆâ–ˆâ–ˆâ–ˆâ–ˆâ–ˆâ–ˆâ–ˆâ–ˆâ–ˆâ–ˆâ–ˆâ–ˆâ–ˆâ–ˆâ–ˆâ–ˆâ–ˆâ–ˆâ–ˆâ–ˆâ–ˆâ–‘â–‘â–‘â–‘â–‘â–‘] 82% - åˆ é™¤: debugAndroidTest
2025-08-18 13:52:34,583 - code_cleaner - [32mINFO[0m - logger.py:131 - æ¸…ç†ç›®å½•: [â–ˆâ–ˆâ–ˆâ–ˆâ–ˆâ–ˆâ–ˆâ–ˆâ–ˆâ–ˆâ–ˆâ–ˆâ–ˆâ–ˆâ–ˆâ–ˆâ–ˆâ–ˆâ–ˆâ–ˆâ–ˆâ–ˆâ–ˆâ–ˆâ–‘â–‘â–‘â–‘â–‘â–‘] 83% - åˆ é™¤: androidTest
2025-08-18 13:52:34,584 - code_cleaner - [32mINFO[0m - logger.py:131 - æ¸…ç†ç›®å½•: [â–ˆâ–ˆâ–ˆâ–ˆâ–ˆâ–ˆâ–ˆâ–ˆâ–ˆâ–ˆâ–ˆâ–ˆâ–ˆâ–ˆâ–ˆâ–ˆâ–ˆâ–ˆâ–ˆâ–ˆâ–ˆâ–ˆâ–ˆâ–ˆâ–ˆâ–‘â–‘â–‘â–‘â–‘] 84% - åˆ é™¤: debugAndroidTest
2025-08-18 13:52:34,584 - code_cleaner - [32mINFO[0m - logger.py:131 - æ¸…ç†ç›®å½•: [â–ˆâ–ˆâ–ˆâ–ˆâ–ˆâ–ˆâ–ˆâ–ˆâ–ˆâ–ˆâ–ˆâ–ˆâ–ˆâ–ˆâ–ˆâ–ˆâ–ˆâ–ˆâ–ˆâ–ˆâ–ˆâ–ˆâ–ˆâ–ˆâ–ˆâ–‘â–‘â–‘â–‘â–‘] 85% - åˆ é™¤: compressDebugAndroidTestAssets
2025-08-18 13:52:34,585 - code_cleaner - [32mINFO[0m - logger.py:131 - æ¸…ç†ç›®å½•: [â–ˆâ–ˆâ–ˆâ–ˆâ–ˆâ–ˆâ–ˆâ–ˆâ–ˆâ–ˆâ–ˆâ–ˆâ–ˆâ–ˆâ–ˆâ–ˆâ–ˆâ–ˆâ–ˆâ–ˆâ–ˆâ–ˆâ–ˆâ–ˆâ–ˆâ–‘â–‘â–‘â–‘â–‘] 86% - åˆ é™¤: packageDebugResources
2025-08-18 13:52:34,585 - code_cleaner - [32mINFO[0m - logger.py:131 - æ¸…ç†ç›®å½•: [â–ˆâ–ˆâ–ˆâ–ˆâ–ˆâ–ˆâ–ˆâ–ˆâ–ˆâ–ˆâ–ˆâ–ˆâ–ˆâ–ˆâ–ˆâ–ˆâ–ˆâ–ˆâ–ˆâ–ˆâ–ˆâ–ˆâ–ˆâ–ˆâ–ˆâ–ˆâ–‘â–‘â–‘â–‘] 87% - åˆ é™¤: debugAndroidTest
2025-08-18 13:52:34,586 - code_cleaner - [32mINFO[0m - logger.py:131 - æ¸…ç†ç›®å½•: [â–ˆâ–ˆâ–ˆâ–ˆâ–ˆâ–ˆâ–ˆâ–ˆâ–ˆâ–ˆâ–ˆâ–ˆâ–ˆâ–ˆâ–ˆâ–ˆâ–ˆâ–ˆâ–ˆâ–ˆâ–ˆâ–ˆâ–ˆâ–ˆâ–ˆâ–ˆâ–‘â–‘â–‘â–‘] 88% - åˆ é™¤: dexBuilderDebugAndroidTest
2025-08-18 13:52:34,586 - code_cleaner - [32mINFO[0m - logger.py:131 - æ¸…ç†ç›®å½•: [â–ˆâ–ˆâ–ˆâ–ˆâ–ˆâ–ˆâ–ˆâ–ˆâ–ˆâ–ˆâ–ˆâ–ˆâ–ˆâ–ˆâ–ˆâ–ˆâ–ˆâ–ˆâ–ˆâ–ˆâ–ˆâ–ˆâ–ˆâ–ˆâ–ˆâ–ˆâ–‘â–‘â–‘â–‘] 89% - åˆ é™¤: dexBuilderDebugAndroidTest
2025-08-18 13:52:34,587 - code_cleaner - [32mINFO[0m - logger.py:131 - æ¸…ç†ç›®å½•: [â–ˆâ–ˆâ–ˆâ–ˆâ–ˆâ–ˆâ–ˆâ–ˆâ–ˆâ–ˆâ–ˆâ–ˆâ–ˆâ–ˆâ–ˆâ–ˆâ–ˆâ–ˆâ–ˆâ–ˆâ–ˆâ–ˆâ–ˆâ–ˆâ–ˆâ–ˆâ–ˆâ–‘â–‘â–‘] 90% - åˆ é™¤: debugAndroidTest
2025-08-18 13:52:34,589 - code_cleaner - [32mINFO[0m - logger.py:131 - æ¸…ç†ç›®å½•: [â–ˆâ–ˆâ–ˆâ–ˆâ–ˆâ–ˆâ–ˆâ–ˆâ–ˆâ–ˆâ–ˆâ–ˆâ–ˆâ–ˆâ–ˆâ–ˆâ–ˆâ–ˆâ–ˆâ–ˆâ–ˆâ–ˆâ–ˆâ–ˆâ–ˆâ–ˆâ–ˆâ–‘â–‘â–‘] 91% - åˆ é™¤: dexBuilderDebugAndroidTest
2025-08-18 13:52:34,589 - code_cleaner - [32mINFO[0m - logger.py:131 - æ¸…ç†ç›®å½•: [â–ˆâ–ˆâ–ˆâ–ˆâ–ˆâ–ˆâ–ˆâ–ˆâ–ˆâ–ˆâ–ˆâ–ˆâ–ˆâ–ˆâ–ˆâ–ˆâ–ˆâ–ˆâ–ˆâ–ˆâ–ˆâ–ˆâ–ˆâ–ˆâ–ˆâ–ˆâ–ˆâ–‘â–‘â–‘] 92% - åˆ é™¤: ui_reader
2025-08-18 13:52:34,591 - code_cleaner - [32mINFO[0m - logger.py:131 - æ¸…ç†ç›®å½•: [â–ˆâ–ˆâ–ˆâ–ˆâ–ˆâ–ˆâ–ˆâ–ˆâ–ˆâ–ˆâ–ˆâ–ˆâ–ˆâ–ˆâ–ˆâ–ˆâ–ˆâ–ˆâ–ˆâ–ˆâ–ˆâ–ˆâ–ˆâ–ˆâ–ˆâ–ˆâ–ˆâ–‘â–‘â–‘] 93% - åˆ é™¤: copyDebugJniLibsProjectOnly
2025-08-18 13:52:34,591 - code_cleaner - [32mINFO[0m - logger.py:131 - æ¸…ç†ç›®å½•: [â–ˆâ–ˆâ–ˆâ–ˆâ–ˆâ–ˆâ–ˆâ–ˆâ–ˆâ–ˆâ–ˆâ–ˆâ–ˆâ–ˆâ–ˆâ–ˆâ–ˆâ–ˆâ–ˆâ–ˆâ–ˆâ–ˆâ–ˆâ–ˆâ–ˆâ–ˆâ–ˆâ–ˆâ–‘â–‘] 94% - åˆ é™¤: mergeDebugAndroidTestJniLibFolders
2025-08-18 13:52:34,592 - code_cleaner - [32mINFO[0m - logger.py:131 - æ¸…ç†ç›®å½•: [â–ˆâ–ˆâ–ˆâ–ˆâ–ˆâ–ˆâ–ˆâ–ˆâ–ˆâ–ˆâ–ˆâ–ˆâ–ˆâ–ˆâ–ˆâ–ˆâ–ˆâ–ˆâ–ˆâ–ˆâ–ˆâ–ˆâ–ˆâ–ˆâ–ˆâ–ˆâ–ˆâ–ˆâ–‘â–‘] 95% - åˆ é™¤: mergeDebugAndroidTestShaders
2025-08-18 13:52:34,592 - code_cleaner - [32mINFO[0m - logger.py:131 - æ¸…ç†ç›®å½•: [â–ˆâ–ˆâ–ˆâ–ˆâ–ˆâ–ˆâ–ˆâ–ˆâ–ˆâ–ˆâ–ˆâ–ˆâ–ˆâ–ˆâ–ˆâ–ˆâ–ˆâ–ˆâ–ˆâ–ˆâ–ˆâ–ˆâ–ˆâ–ˆâ–ˆâ–ˆâ–ˆâ–ˆâ–‘â–‘] 96% - åˆ é™¤: debug
2025-08-18 13:52:34,593 - code_cleaner - [32mINFO[0m - logger.py:131 - æ¸…ç†ç›®å½•: [â–ˆâ–ˆâ–ˆâ–ˆâ–ˆâ–ˆâ–ˆâ–ˆâ–ˆâ–ˆâ–ˆâ–ˆâ–ˆâ–ˆâ–ˆâ–ˆâ–ˆâ–ˆâ–ˆâ–ˆâ–ˆâ–ˆâ–ˆâ–ˆâ–ˆâ–ˆâ–ˆâ–ˆâ–ˆâ–‘] 97% - åˆ é™¤: dexBuilderDebugAndroidTest
2025-08-18 13:52:34,593 - code_cleaner - [32mINFO[0m - logger.py:131 - æ¸…ç†ç›®å½•: [â–ˆâ–ˆâ–ˆâ–ˆâ–ˆâ–ˆâ–ˆâ–ˆâ–ˆâ–ˆâ–ˆâ–ˆâ–ˆâ–ˆâ–ˆâ–ˆâ–ˆâ–ˆâ–ˆâ–ˆâ–ˆâ–ˆâ–ˆâ–ˆâ–ˆâ–ˆâ–ˆâ–ˆâ–ˆâ–‘] 98% - åˆ é™¤: androidTest
2025-08-18 13:52:34,594 - code_cleaner - [32mINFO[0m - logger.py:131 - æ¸…ç†ç›®å½•: [â–ˆâ–ˆâ–ˆâ–ˆâ–ˆâ–ˆâ–ˆâ–ˆâ–ˆâ–ˆâ–ˆâ–ˆâ–ˆâ–ˆâ–ˆâ–ˆâ–ˆâ–ˆâ–ˆâ–ˆâ–ˆâ–ˆâ–ˆâ–ˆâ–ˆâ–ˆâ–ˆâ–ˆâ–ˆâ–‘] 99% - åˆ é™¤: connected
2025-08-18 13:52:34,594 - code_cleaner - [32mINFO[0m - logger.py:131 - æ¸…ç†ç›®å½•: [â–ˆâ–ˆâ–ˆâ–ˆâ–ˆâ–ˆâ–ˆâ–ˆâ–ˆâ–ˆâ–ˆâ–ˆâ–ˆâ–ˆâ–ˆâ–ˆâ–ˆâ–ˆâ–ˆâ–ˆâ–ˆâ–ˆâ–ˆâ–ˆâ–ˆâ–ˆâ–ˆâ–ˆâ–ˆâ–ˆ] 100% - åˆ é™¤: debugAndroidTest
2025-08-18 13:52:34,595 - code_cleaner - [32mINFO[0m - logger.py:158 - æ¸…ç†ç›®å½•: [â–ˆâ–ˆâ–ˆâ–ˆâ–ˆâ–ˆâ–ˆâ–ˆâ–ˆâ–ˆâ–ˆâ–ˆâ–ˆâ–ˆâ–ˆâ–ˆâ–ˆâ–ˆâ–ˆâ–ˆâ–ˆâ–ˆâ–ˆâ–ˆâ–ˆâ–ˆâ–ˆâ–ˆâ–ˆâ–ˆ] 100% - ç›®å½•æ¸…ç†å®Œæˆ
2025-08-18 13:52:34,595 - code_cleaner - [32mINFO[0m - cleaner_engine.py:320 - å¼€å§‹æ¸…ç† 17 ä¸ªæœªä½¿ç”¨ä¾èµ–
2025-08-18 13:52:34,596 - code_cleaner - [31mERROR[0m - cleaner_engine.py:337 - æ¸…ç†æ¨¡å— app ä¾èµ–å¤±è´¥: cannot access local variable 're' where it is not associated with a value
2025-08-18 13:52:34,596 - code_cleaner - [31mERROR[0m - cleaner_engine.py:337 - æ¸…ç†æ¨¡å— data ä¾èµ–å¤±è´¥: cannot access local variable 're' where it is not associated with a value
2025-08-18 13:52:34,597 - code_cleaner - [31mERROR[0m - cleaner_engine.py:337 - æ¸…ç†æ¨¡å— domain ä¾èµ–å¤±è´¥: cannot access local variable 're' where it is not associated with a value
2025-08-18 13:52:34,597 - code_cleaner - [32mINFO[0m - cleaner_engine.py:76 - æ¸…ç†æ“ä½œå®Œæˆï¼Œè€—æ—¶ 0.12 ç§’
2025-08-18 13:52:34,598 - code_cleaner - [32mINFO[0m - cleaner_engine.py:406 - ==================================================
2025-08-18 13:52:34,598 - code_cleaner - [32mINFO[0m - cleaner_engine.py:407 - æ¸…ç†æ“ä½œæ‘˜è¦:
2025-08-18 13:52:34,599 - code_cleaner - [32mINFO[0m - cleaner_engine.py:408 -   æˆåŠŸæ“ä½œ: 221
2025-08-18 13:52:34,599 - code_cleaner - [32mINFO[0m - cleaner_engine.py:409 -   å¤±è´¥æ“ä½œ: 18
2025-08-18 13:52:34,601 - code_cleaner - [32mINFO[0m - cleaner_engine.py:410 -   è·³è¿‡æ“ä½œ: 0
2025-08-18 13:52:34,601 - code_cleaner - [32mINFO[0m - cleaner_engine.py:411 -   åˆ é™¤æ–‡ä»¶: 25 ä¸ª
2025-08-18 13:52:34,602 - code_cleaner - [32mINFO[0m - cleaner_engine.py:412 -   åˆ é™¤ç›®å½•: 196 ä¸ª
2025-08-18 13:52:34,602 - code_cleaner - [32mINFO[0m - cleaner_engine.py:413 -   ç§»é™¤ä¾èµ–: 0 ä¸ª
2025-08-18 13:52:34,602 - code_cleaner - [32mINFO[0m - cleaner_engine.py:417 -   é‡Šæ”¾ç©ºé—´: 0.23 MB
2025-08-18 13:52:34,603 - code_cleaner - [32mINFO[0m - cleaner_engine.py:420 -   å¤‡ä»½ä½ç½®: C:\000\Comic\Easy-Comic\.cleanup_backup\backup_20250818_135234
2025-08-18 13:52:34,604 - code_cleaner - [31mERROR[0m - cleaner_engine.py:423 -   é”™è¯¯æ•°é‡: 7
2025-08-18 13:52:34,605 - code_cleaner - [31mERROR[0m - cleaner_engine.py:425 -     - åˆ é™¤æ–‡ä»¶å¤±è´¥ C:\000\Comic\Easy-Comic\code_cleaner\logs\cleanup_20250818_135224.log: [WinError 32] å¦ä¸€ä¸ªç¨‹åºæ­£åœ¨ä½¿ç”¨æ­¤æ–‡ä»¶ï¼Œè¿›ç¨‹æ— æ³•è®¿é—®ã€‚: 'C:\\000\\Comic\\Easy-Comic\\code_cleaner\\logs\\cleanup_20250818_135224.log'
2025-08-18 13:52:34,608 - code_cleaner - [31mERROR[0m - cleaner_engine.py:425 -     - æ›´æ–°æ„å»ºæ–‡ä»¶å¤±è´¥ C:\000\Comic\Easy-Comic\app\build.gradle.kts: cannot access local variable 're' where it is not associated with a value
2025-08-18 13:52:34,608 - code_cleaner - [31mERROR[0m - cleaner_engine.py:425 -     - æ¸…ç†æ¨¡å— app ä¾èµ–å¤±è´¥: cannot access local variable 're' where it is not associated with a value
2025-08-18 13:52:34,609 - code_cleaner - [31mERROR[0m - cleaner_engine.py:425 -     - æ›´æ–°æ„å»ºæ–‡ä»¶å¤±è´¥ C:\000\Comic\Easy-Comic\data\build.gradle.kts: cannot access local variable 're' where it is not associated with a value
2025-08-18 13:52:34,609 - code_cleaner - [31mERROR[0m - cleaner_engine.py:425 -     - æ¸…ç†æ¨¡å— data ä¾èµ–å¤±è´¥: cannot access local variable 're' where it is not associated with a value
2025-08-18 13:52:34,610 - code_cleaner - [31mERROR[0m - cleaner_engine.py:425 -     - æ›´æ–°æ„å»ºæ–‡ä»¶å¤±è´¥ C:\000\Comic\Easy-Comic\domain\build.gradle.kts: cannot access local variable 're' where it is not associated with a value
2025-08-18 13:52:34,610 - code_cleaner - [31mERROR[0m - cleaner_engine.py:425 -     - æ¸…ç†æ¨¡å— domain ä¾èµ–å¤±è´¥: cannot access local variable 're' where it is not associated with a value
2025-08-18 13:52:34,611 - code_cleaner - [32mINFO[0m - cleaner_engine.py:427 - ==================================================
2025-08-18 13:52:34,611 - code_cleaner - [32mINFO[0m - logger.py:175 - å®Œæˆæ‰§è¡Œ: æ‰§è¡Œæ¸…ç†æ“ä½œ
2025-08-18 13:52:34,612 - code_cleaner - [31mERROR[0m - cleaner_engine.py:442 - ç”Ÿæˆæ¸…ç†æŠ¥å‘Šå¤±è´¥: "'error' if cleanup_result"
